CRITICAL - 2022-06-28 00:25:09 --> syntax error, unexpected token ")"
in APPPATH\Controllers\Pelayanan.php on line 103.
 1 SYSTEMPATH\Autoloader\Autoloader.php(261): CodeIgniter\Autoloader\Autoloader->includeFile('APPPATH\\Controllers\\Pelayanan.php')
 2 SYSTEMPATH\Autoloader\Autoloader.php(239): CodeIgniter\Autoloader\Autoloader->loadInNamespace('App\\Controllers\\Pelayanan')
 3 [internal function]: CodeIgniter\Autoloader\Autoloader->loadClass('App\\Controllers\\Pelayanan')
 4 SYSTEMPATH\CodeIgniter.php(846): class_exists('\\App\\Controllers\\Pelayanan', true)
 5 SYSTEMPATH\CodeIgniter.php(453): CodeIgniter\CodeIgniter->startController()
 6 SYSTEMPATH\CodeIgniter.php(349): CodeIgniter\CodeIgniter->handleRequest(null, Object(Config\Cache), false)
 7 FCPATH\index.php(55): CodeIgniter\CodeIgniter->run()
 8 SYSTEMPATH\Commands\Server\rewrite.php(43): require_once('FCPATH\\index.php')
CRITICAL - 2022-06-28 01:46:58 --> Undefined property: App\Controllers\Loket::$loket
in APPPATH\Controllers\Loket.php on line 19.
 1 APPPATH\Controllers\Loket.php(19): CodeIgniter\Debug\Exceptions->errorHandler(2, 'Undefined property: App\\Controllers\\Loket::$loket', 'APPPATH\\Controllers\\Loket.php', 19)
 2 SYSTEMPATH\CodeIgniter.php(896): App\Controllers\Loket->index()
 3 SYSTEMPATH\CodeIgniter.php(466): CodeIgniter\CodeIgniter->runController(Object(App\Controllers\Loket))
 4 SYSTEMPATH\CodeIgniter.php(349): CodeIgniter\CodeIgniter->handleRequest(null, Object(Config\Cache), false)
 5 FCPATH\index.php(55): CodeIgniter\CodeIgniter->run()
 6 SYSTEMPATH\Commands\Server\rewrite.php(43): require_once('FCPATH\\index.php')
CRITICAL - 2022-06-28 01:48:31 --> Undefined variable $pelayanan
in APPPATH\Views\loket\v_loket.php on line 67.
 1 APPPATH\Views\loket\v_loket.php(67): CodeIgniter\Debug\Exceptions->errorHandler(2, 'Undefined variable $pelayanan', 'APPPATH\\Views\\loket\\v_loket.php', 67)
 2 SYSTEMPATH\View\View.php(213): include('APPPATH\\Views\\loket\\v_loket.php')
 3 SYSTEMPATH\View\View.php(216): CodeIgniter\View\View->CodeIgniter\View\{closure}()
 4 SYSTEMPATH\Common.php(1135): CodeIgniter\View\View->render('loket/v_loket', [], true)
 5 APPPATH\Controllers\Loket.php(26): view('loket/v_loket', [...])
 6 SYSTEMPATH\CodeIgniter.php(896): App\Controllers\Loket->index()
 7 SYSTEMPATH\CodeIgniter.php(466): CodeIgniter\CodeIgniter->runController(Object(App\Controllers\Loket))
 8 SYSTEMPATH\CodeIgniter.php(349): CodeIgniter\CodeIgniter->handleRequest(null, Object(Config\Cache), false)
 9 FCPATH\index.php(55): CodeIgniter\CodeIgniter->run()
10 SYSTEMPATH\Commands\Server\rewrite.php(43): require_once('FCPATH\\index.php')
CRITICAL - 2022-06-28 01:54:13 --> Cannot use object of type stdClass as array
in APPPATH\Views\loket\v_loket.php on line 36.
 1 SYSTEMPATH\View\View.php(213): include()
 2 SYSTEMPATH\View\View.php(216): CodeIgniter\View\View->CodeIgniter\View\{closure}()
 3 SYSTEMPATH\Common.php(1135): CodeIgniter\View\View->render('loket/v_loket', [], true)
 4 APPPATH\Controllers\Loket.php(26): view('loket/v_loket', [...])
 5 SYSTEMPATH\CodeIgniter.php(896): App\Controllers\Loket->index()
 6 SYSTEMPATH\CodeIgniter.php(466): CodeIgniter\CodeIgniter->runController(Object(App\Controllers\Loket))
 7 SYSTEMPATH\CodeIgniter.php(349): CodeIgniter\CodeIgniter->handleRequest(null, Object(Config\Cache), false)
 8 FCPATH\index.php(55): CodeIgniter\CodeIgniter->run()
 9 SYSTEMPATH\Commands\Server\rewrite.php(43): require_once('FCPATH\\index.php')
CRITICAL - 2022-06-28 02:23:09 --> Undefined array key "kode_loket"
in APPPATH\Views\loket\v_loket.php on line 71.
 1 APPPATH\Views\loket\v_loket.php(71): CodeIgniter\Debug\Exceptions->errorHandler(2, 'Undefined array key "kode_loket"', 'APPPATH\\Views\\loket\\v_loket.php', 71)
 2 SYSTEMPATH\View\View.php(213): include('APPPATH\\Views\\loket\\v_loket.php')
 3 SYSTEMPATH\View\View.php(216): CodeIgniter\View\View->CodeIgniter\View\{closure}()
 4 SYSTEMPATH\Common.php(1135): CodeIgniter\View\View->render('loket/v_loket', [], true)
 5 APPPATH\Controllers\Loket.php(26): view('loket/v_loket', [...])
 6 SYSTEMPATH\CodeIgniter.php(896): App\Controllers\Loket->index()
 7 SYSTEMPATH\CodeIgniter.php(466): CodeIgniter\CodeIgniter->runController(Object(App\Controllers\Loket))
 8 SYSTEMPATH\CodeIgniter.php(349): CodeIgniter\CodeIgniter->handleRequest(null, Object(Config\Cache), false)
 9 FCPATH\index.php(55): CodeIgniter\CodeIgniter->run()
10 SYSTEMPATH\Commands\Server\rewrite.php(43): require_once('FCPATH\\index.php')
CRITICAL - 2022-06-28 02:24:32 --> Undefined array key "kode_loket"
in APPPATH\Views\loket\v_loket.php on line 71.
 1 APPPATH\Views\loket\v_loket.php(71): CodeIgniter\Debug\Exceptions->errorHandler(2, 'Undefined array key "kode_loket"', 'APPPATH\\Views\\loket\\v_loket.php', 71)
 2 SYSTEMPATH\View\View.php(213): include('APPPATH\\Views\\loket\\v_loket.php')
 3 SYSTEMPATH\View\View.php(216): CodeIgniter\View\View->CodeIgniter\View\{closure}()
 4 SYSTEMPATH\Common.php(1135): CodeIgniter\View\View->render('loket/v_loket', [], true)
 5 APPPATH\Controllers\Loket.php(27): view('loket/v_loket', [...])
 6 SYSTEMPATH\CodeIgniter.php(896): App\Controllers\Loket->index()
 7 SYSTEMPATH\CodeIgniter.php(466): CodeIgniter\CodeIgniter->runController(Object(App\Controllers\Loket))
 8 SYSTEMPATH\CodeIgniter.php(349): CodeIgniter\CodeIgniter->handleRequest(null, Object(Config\Cache), false)
 9 FCPATH\index.php(55): CodeIgniter\CodeIgniter->run()
10 SYSTEMPATH\Commands\Server\rewrite.php(43): require_once('FCPATH\\index.php')
CRITICAL - 2022-06-28 02:25:07 --> Call to undefined method CodeIgniter\Database\MySQLi\Builder::getResultArray()
in APPPATH\Controllers\Loket.php on line 20.
 1 SYSTEMPATH\CodeIgniter.php(896): App\Controllers\Loket->index()
 2 SYSTEMPATH\CodeIgniter.php(466): CodeIgniter\CodeIgniter->runController(Object(App\Controllers\Loket))
 3 SYSTEMPATH\CodeIgniter.php(349): CodeIgniter\CodeIgniter->handleRequest(null, Object(Config\Cache), false)
 4 FCPATH\index.php(55): CodeIgniter\CodeIgniter->run()
 5 SYSTEMPATH\Commands\Server\rewrite.php(43): require_once('FCPATH\\index.php')
CRITICAL - 2022-06-28 02:25:28 --> Undefined array key "kode_loket"
in APPPATH\Views\loket\v_loket.php on line 71.
 1 APPPATH\Views\loket\v_loket.php(71): CodeIgniter\Debug\Exceptions->errorHandler(2, 'Undefined array key "kode_loket"', 'APPPATH\\Views\\loket\\v_loket.php', 71)
 2 SYSTEMPATH\View\View.php(213): include('APPPATH\\Views\\loket\\v_loket.php')
 3 SYSTEMPATH\View\View.php(216): CodeIgniter\View\View->CodeIgniter\View\{closure}()
 4 SYSTEMPATH\Common.php(1135): CodeIgniter\View\View->render('loket/v_loket', [], true)
 5 APPPATH\Controllers\Loket.php(27): view('loket/v_loket', [...])
 6 SYSTEMPATH\CodeIgniter.php(896): App\Controllers\Loket->index()
 7 SYSTEMPATH\CodeIgniter.php(466): CodeIgniter\CodeIgniter->runController(Object(App\Controllers\Loket))
 8 SYSTEMPATH\CodeIgniter.php(349): CodeIgniter\CodeIgniter->handleRequest(null, Object(Config\Cache), false)
 9 FCPATH\index.php(55): CodeIgniter\CodeIgniter->run()
10 SYSTEMPATH\Commands\Server\rewrite.php(43): require_once('FCPATH\\index.php')
CRITICAL - 2022-06-28 10:24:36 --> Invalid file: loket/v_tambah_loket.php
in SYSTEMPATH\Exceptions\FrameworkException.php on line 33.
 1 SYSTEMPATH\View\View.php(201): CodeIgniter\Exceptions\FrameworkException::forInvalidFile('loket/v_tambah_loket.php')
 2 SYSTEMPATH\Common.php(1135): CodeIgniter\View\View->render('loket/v_tambah_loket', [], true)
 3 APPPATH\Controllers\Loket.php(37): view('loket/v_tambah_loket', [...])
 4 SYSTEMPATH\CodeIgniter.php(896): App\Controllers\Loket->tambah_loket()
 5 SYSTEMPATH\CodeIgniter.php(466): CodeIgniter\CodeIgniter->runController(Object(App\Controllers\Loket))
 6 SYSTEMPATH\CodeIgniter.php(349): CodeIgniter\CodeIgniter->handleRequest(null, Object(Config\Cache), false)
 7 FCPATH\index.php(55): CodeIgniter\CodeIgniter->run()
 8 SYSTEMPATH\Commands\Server\rewrite.php(43): require_once('FCPATH\\index.php')
CRITICAL - 2022-06-28 10:38:26 --> Attempt to read property "id_pelayanan" on array
in APPPATH\Views\loket\v_tambah_loket.php on line 24.
 1 APPPATH\Views\loket\v_tambah_loket.php(24): CodeIgniter\Debug\Exceptions->errorHandler(2, 'Attempt to read property "id_pelayanan" on array', 'APPPATH\\Views\\loket\\v_tambah_loket.php', 24)
 2 SYSTEMPATH\View\View.php(213): include('APPPATH\\Views\\loket\\v_tambah_loket.php')
 3 SYSTEMPATH\View\View.php(216): CodeIgniter\View\View->CodeIgniter\View\{closure}()
 4 SYSTEMPATH\Common.php(1135): CodeIgniter\View\View->render('loket/v_tambah_loket', [], true)
 5 APPPATH\Controllers\Loket.php(40): view('loket/v_tambah_loket', [...])
 6 SYSTEMPATH\CodeIgniter.php(896): App\Controllers\Loket->tambah_loket()
 7 SYSTEMPATH\CodeIgniter.php(466): CodeIgniter\CodeIgniter->runController(Object(App\Controllers\Loket))
 8 SYSTEMPATH\CodeIgniter.php(349): CodeIgniter\CodeIgniter->handleRequest(null, Object(Config\Cache), false)
 9 FCPATH\index.php(55): CodeIgniter\CodeIgniter->run()
10 SYSTEMPATH\Commands\Server\rewrite.php(43): require_once('FCPATH\\index.php')
CRITICAL - 2022-06-28 10:38:57 --> Attempt to read property "id_pelayanan" on array
in APPPATH\Views\loket\v_tambah_loket.php on line 24.
 1 APPPATH\Views\loket\v_tambah_loket.php(24): CodeIgniter\Debug\Exceptions->errorHandler(2, 'Attempt to read property "id_pelayanan" on array', 'APPPATH\\Views\\loket\\v_tambah_loket.php', 24)
 2 SYSTEMPATH\View\View.php(213): include('APPPATH\\Views\\loket\\v_tambah_loket.php')
 3 SYSTEMPATH\View\View.php(216): CodeIgniter\View\View->CodeIgniter\View\{closure}()
 4 SYSTEMPATH\Common.php(1135): CodeIgniter\View\View->render('loket/v_tambah_loket', [], true)
 5 APPPATH\Controllers\Loket.php(42): view('loket/v_tambah_loket', [...])
 6 SYSTEMPATH\CodeIgniter.php(896): App\Controllers\Loket->tambah_loket()
 7 SYSTEMPATH\CodeIgniter.php(466): CodeIgniter\CodeIgniter->runController(Object(App\Controllers\Loket))
 8 SYSTEMPATH\CodeIgniter.php(349): CodeIgniter\CodeIgniter->handleRequest(null, Object(Config\Cache), false)
 9 FCPATH\index.php(55): CodeIgniter\CodeIgniter->run()
10 SYSTEMPATH\Commands\Server\rewrite.php(43): require_once('FCPATH\\index.php')
CRITICAL - 2022-06-28 10:39:08 --> Attempt to read property "id_pelayanan" on array
in APPPATH\Views\loket\v_tambah_loket.php on line 24.
 1 APPPATH\Views\loket\v_tambah_loket.php(24): CodeIgniter\Debug\Exceptions->errorHandler(2, 'Attempt to read property "id_pelayanan" on array', 'APPPATH\\Views\\loket\\v_tambah_loket.php', 24)
 2 SYSTEMPATH\View\View.php(213): include('APPPATH\\Views\\loket\\v_tambah_loket.php')
 3 SYSTEMPATH\View\View.php(216): CodeIgniter\View\View->CodeIgniter\View\{closure}()
 4 SYSTEMPATH\Common.php(1135): CodeIgniter\View\View->render('loket/v_tambah_loket', [], true)
 5 APPPATH\Controllers\Loket.php(42): view('loket/v_tambah_loket', [...])
 6 SYSTEMPATH\CodeIgniter.php(896): App\Controllers\Loket->tambah_loket()
 7 SYSTEMPATH\CodeIgniter.php(466): CodeIgniter\CodeIgniter->runController(Object(App\Controllers\Loket))
 8 SYSTEMPATH\CodeIgniter.php(349): CodeIgniter\CodeIgniter->handleRequest(null, Object(Config\Cache), false)
 9 FCPATH\index.php(55): CodeIgniter\CodeIgniter->run()
10 SYSTEMPATH\Commands\Server\rewrite.php(43): require_once('FCPATH\\index.php')
CRITICAL - 2022-06-28 10:41:00 --> Attempt to read property "id_pelayanan" on array
in APPPATH\Views\loket\v_tambah_loket.php on line 24.
 1 APPPATH\Views\loket\v_tambah_loket.php(24): CodeIgniter\Debug\Exceptions->errorHandler(2, 'Attempt to read property "id_pelayanan" on array', 'APPPATH\\Views\\loket\\v_tambah_loket.php', 24)
 2 SYSTEMPATH\View\View.php(213): include('APPPATH\\Views\\loket\\v_tambah_loket.php')
 3 SYSTEMPATH\View\View.php(216): CodeIgniter\View\View->CodeIgniter\View\{closure}()
 4 SYSTEMPATH\Common.php(1135): CodeIgniter\View\View->render('loket/v_tambah_loket', [], true)
 5 APPPATH\Controllers\Loket.php(42): view('loket/v_tambah_loket', [...])
 6 SYSTEMPATH\CodeIgniter.php(896): App\Controllers\Loket->tambah_loket()
 7 SYSTEMPATH\CodeIgniter.php(466): CodeIgniter\CodeIgniter->runController(Object(App\Controllers\Loket))
 8 SYSTEMPATH\CodeIgniter.php(349): CodeIgniter\CodeIgniter->handleRequest(null, Object(Config\Cache), false)
 9 FCPATH\index.php(55): CodeIgniter\CodeIgniter->run()
10 SYSTEMPATH\Commands\Server\rewrite.php(43): require_once('FCPATH\\index.php')
ERROR - 2022-06-28 10:54:05 --> Unknown column 'nama_loket' in 'where clause'
CRITICAL - 2022-06-28 10:54:05 --> Unknown column 'nama_loket' in 'where clause'
in SYSTEMPATH\Database\MySQLi\Connection.php on line 292.
 1 SYSTEMPATH\Database\MySQLi\Connection.php(292): mysqli->query('SELECT 1
FROM `pelayanan`
WHERE `nama_loket` = \'loket 1\'
 LIMIT 1', 0)
 2 SYSTEMPATH\Database\BaseConnection.php(695): CodeIgniter\Database\MySQLi\Connection->execute('SELECT 1
FROM `pelayanan`
WHERE `nama_loket` = \'loket 1\'
 LIMIT 1')
 3 SYSTEMPATH\Database\BaseConnection.php(609): CodeIgniter\Database\BaseConnection->simpleQuery('SELECT 1
FROM `pelayanan`
WHERE `nama_loket` = \'loket 1\'
 LIMIT 1')
 4 SYSTEMPATH\Database\BaseBuilder.php(1585): CodeIgniter\Database\BaseConnection->query('SELECT 1
FROM `pelayanan`
WHERE `nama_loket` = :nama_loket:
 LIMIT 1', [...], false)
 5 SYSTEMPATH\Validation\Rules.php(142): CodeIgniter\Database\BaseBuilder->get()
 6 SYSTEMPATH\Validation\Validation.php(306): CodeIgniter\Validation\Rules->is_unique('loket 1', 'nama_loket', [...], null)
 7 SYSTEMPATH\Validation\Validation.php(173): CodeIgniter\Validation\Validation->processRules('nama_loket', 'nama_loket', 'loket 1', [...], [...])
 8 SYSTEMPATH\Controller.php(140): CodeIgniter\Validation\Validation->run()
 9 APPPATH\Controllers\Loket.php(49): CodeIgniter\Controller->validate([...])
10 SYSTEMPATH\CodeIgniter.php(896): App\Controllers\Loket->proses_tambah_loket()
11 SYSTEMPATH\CodeIgniter.php(466): CodeIgniter\CodeIgniter->runController(Object(App\Controllers\Loket))
12 SYSTEMPATH\CodeIgniter.php(349): CodeIgniter\CodeIgniter->handleRequest(null, Object(Config\Cache), false)
13 FCPATH\index.php(55): CodeIgniter\CodeIgniter->run()
14 SYSTEMPATH\Commands\Server\rewrite.php(43): require_once('FCPATH\\index.php')
CRITICAL - 2022-06-28 10:58:28 --> Undefined variable $pelayanan
in APPPATH\Views\loket\v_ubah_loket.php on line 16.
 1 APPPATH\Views\loket\v_ubah_loket.php(16): CodeIgniter\Debug\Exceptions->errorHandler(2, 'Undefined variable $pelayanan', 'APPPATH\\Views\\loket\\v_ubah_loket.php', 16)
 2 SYSTEMPATH\View\View.php(213): include('APPPATH\\Views\\loket\\v_ubah_loket.php')
 3 SYSTEMPATH\View\View.php(216): CodeIgniter\View\View->CodeIgniter\View\{closure}()
 4 SYSTEMPATH\Common.php(1135): CodeIgniter\View\View->render('loket/v_ubah_loket', [], true)
 5 APPPATH\Controllers\Loket.php(86): view('loket/v_ubah_loket', [...])
 6 SYSTEMPATH\CodeIgniter.php(896): App\Controllers\Loket->edit_loket('1')
 7 SYSTEMPATH\CodeIgniter.php(466): CodeIgniter\CodeIgniter->runController(Object(App\Controllers\Loket))
 8 SYSTEMPATH\CodeIgniter.php(349): CodeIgniter\CodeIgniter->handleRequest(null, Object(Config\Cache), false)
 9 FCPATH\index.php(55): CodeIgniter\CodeIgniter->run()
10 SYSTEMPATH\Commands\Server\rewrite.php(43): require_once('FCPATH\\index.php')
CRITICAL - 2022-06-28 10:59:04 --> Undefined property: stdClass::$nama_pelayanan
in APPPATH\Views\loket\v_ubah_loket.php on line 21.
 1 APPPATH\Views\loket\v_ubah_loket.php(21): CodeIgniter\Debug\Exceptions->errorHandler(2, 'Undefined property: stdClass::$nama_pelayanan', 'APPPATH\\Views\\loket\\v_ubah_loket.php', 21)
 2 SYSTEMPATH\View\View.php(213): include('APPPATH\\Views\\loket\\v_ubah_loket.php')
 3 SYSTEMPATH\View\View.php(216): CodeIgniter\View\View->CodeIgniter\View\{closure}()
 4 SYSTEMPATH\Common.php(1135): CodeIgniter\View\View->render('loket/v_ubah_loket', [], true)
 5 APPPATH\Controllers\Loket.php(86): view('loket/v_ubah_loket', [...])
 6 SYSTEMPATH\CodeIgniter.php(896): App\Controllers\Loket->edit_loket('1')
 7 SYSTEMPATH\CodeIgniter.php(466): CodeIgniter\CodeIgniter->runController(Object(App\Controllers\Loket))
 8 SYSTEMPATH\CodeIgniter.php(349): CodeIgniter\CodeIgniter->handleRequest(null, Object(Config\Cache), false)
 9 FCPATH\index.php(55): CodeIgniter\CodeIgniter->run()
10 SYSTEMPATH\Commands\Server\rewrite.php(43): require_once('FCPATH\\index.php')
CRITICAL - 2022-06-28 10:59:20 --> Undefined property: stdClass::$nama_pelayanan
in APPPATH\Views\loket\v_ubah_loket.php on line 21.
 1 APPPATH\Views\loket\v_ubah_loket.php(21): CodeIgniter\Debug\Exceptions->errorHandler(2, 'Undefined property: stdClass::$nama_pelayanan', 'APPPATH\\Views\\loket\\v_ubah_loket.php', 21)
 2 SYSTEMPATH\View\View.php(213): include('APPPATH\\Views\\loket\\v_ubah_loket.php')
 3 SYSTEMPATH\View\View.php(216): CodeIgniter\View\View->CodeIgniter\View\{closure}()
 4 SYSTEMPATH\Common.php(1135): CodeIgniter\View\View->render('loket/v_ubah_loket', [], true)
 5 APPPATH\Controllers\Loket.php(86): view('loket/v_ubah_loket', [...])
 6 SYSTEMPATH\CodeIgniter.php(896): App\Controllers\Loket->edit_loket('1')
 7 SYSTEMPATH\CodeIgniter.php(466): CodeIgniter\CodeIgniter->runController(Object(App\Controllers\Loket))
 8 SYSTEMPATH\CodeIgniter.php(349): CodeIgniter\CodeIgniter->handleRequest(null, Object(Config\Cache), false)
 9 FCPATH\index.php(55): CodeIgniter\CodeIgniter->run()
10 SYSTEMPATH\Commands\Server\rewrite.php(43): require_once('FCPATH\\index.php')
CRITICAL - 2022-06-28 10:59:29 --> syntax error, unexpected token ";"
in APPPATH\Views\loket\v_ubah_loket.php on line 21.
 1 SYSTEMPATH\View\View.php(216): CodeIgniter\View\View->CodeIgniter\View\{closure}()
 2 SYSTEMPATH\Common.php(1135): CodeIgniter\View\View->render('loket/v_ubah_loket', [], true)
 3 APPPATH\Controllers\Loket.php(86): view('loket/v_ubah_loket', [...])
 4 SYSTEMPATH\CodeIgniter.php(896): App\Controllers\Loket->edit_loket('1')
 5 SYSTEMPATH\CodeIgniter.php(466): CodeIgniter\CodeIgniter->runController(Object(App\Controllers\Loket))
 6 SYSTEMPATH\CodeIgniter.php(349): CodeIgniter\CodeIgniter->handleRequest(null, Object(Config\Cache), false)
 7 FCPATH\index.php(55): CodeIgniter\CodeIgniter->run()
 8 SYSTEMPATH\Commands\Server\rewrite.php(43): require_once('FCPATH\\index.php')
CRITICAL - 2022-06-28 11:07:35 --> Undefined property: stdClass::$nama_pelayanan
in APPPATH\Views\loket\v_ubah_loket.php on line 21.
 1 APPPATH\Views\loket\v_ubah_loket.php(21): CodeIgniter\Debug\Exceptions->errorHandler(2, 'Undefined property: stdClass::$nama_pelayanan', 'APPPATH\\Views\\loket\\v_ubah_loket.php', 21)
 2 SYSTEMPATH\View\View.php(213): include('APPPATH\\Views\\loket\\v_ubah_loket.php')
 3 SYSTEMPATH\View\View.php(216): CodeIgniter\View\View->CodeIgniter\View\{closure}()
 4 SYSTEMPATH\Common.php(1135): CodeIgniter\View\View->render('loket/v_ubah_loket', [], true)
 5 APPPATH\Controllers\Loket.php(86): view('loket/v_ubah_loket', [...])
 6 SYSTEMPATH\CodeIgniter.php(896): App\Controllers\Loket->edit_loket('1')
 7 SYSTEMPATH\CodeIgniter.php(466): CodeIgniter\CodeIgniter->runController(Object(App\Controllers\Loket))
 8 SYSTEMPATH\CodeIgniter.php(349): CodeIgniter\CodeIgniter->handleRequest(null, Object(Config\Cache), false)
 9 FCPATH\index.php(55): CodeIgniter\CodeIgniter->run()
10 SYSTEMPATH\Commands\Server\rewrite.php(43): require_once('FCPATH\\index.php')
CRITICAL - 2022-06-28 11:08:28 --> Attempt to read property "id_loket" on array
in APPPATH\Views\loket\v_ubah_loket.php on line 8.
 1 APPPATH\Views\loket\v_ubah_loket.php(8): CodeIgniter\Debug\Exceptions->errorHandler(2, 'Attempt to read property "id_loket" on array', 'APPPATH\\Views\\loket\\v_ubah_loket.php', 8)
 2 SYSTEMPATH\View\View.php(213): include('APPPATH\\Views\\loket\\v_ubah_loket.php')
 3 SYSTEMPATH\View\View.php(216): CodeIgniter\View\View->CodeIgniter\View\{closure}()
 4 SYSTEMPATH\Common.php(1135): CodeIgniter\View\View->render('loket/v_ubah_loket', [], true)
 5 APPPATH\Controllers\Loket.php(86): view('loket/v_ubah_loket', [...])
 6 SYSTEMPATH\CodeIgniter.php(896): App\Controllers\Loket->edit_loket('1')
 7 SYSTEMPATH\CodeIgniter.php(466): CodeIgniter\CodeIgniter->runController(Object(App\Controllers\Loket))
 8 SYSTEMPATH\CodeIgniter.php(349): CodeIgniter\CodeIgniter->handleRequest(null, Object(Config\Cache), false)
 9 FCPATH\index.php(55): CodeIgniter\CodeIgniter->run()
10 SYSTEMPATH\Commands\Server\rewrite.php(43): require_once('FCPATH\\index.php')
CRITICAL - 2022-06-28 11:08:44 --> Attempt to read property "id_loket" on array
in APPPATH\Views\loket\v_ubah_loket.php on line 8.
 1 APPPATH\Views\loket\v_ubah_loket.php(8): CodeIgniter\Debug\Exceptions->errorHandler(2, 'Attempt to read property "id_loket" on array', 'APPPATH\\Views\\loket\\v_ubah_loket.php', 8)
 2 SYSTEMPATH\View\View.php(213): include('APPPATH\\Views\\loket\\v_ubah_loket.php')
 3 SYSTEMPATH\View\View.php(216): CodeIgniter\View\View->CodeIgniter\View\{closure}()
 4 SYSTEMPATH\Common.php(1135): CodeIgniter\View\View->render('loket/v_ubah_loket', [], true)
 5 APPPATH\Controllers\Loket.php(86): view('loket/v_ubah_loket', [...])
 6 SYSTEMPATH\CodeIgniter.php(896): App\Controllers\Loket->edit_loket('1')
 7 SYSTEMPATH\CodeIgniter.php(466): CodeIgniter\CodeIgniter->runController(Object(App\Controllers\Loket))
 8 SYSTEMPATH\CodeIgniter.php(349): CodeIgniter\CodeIgniter->handleRequest(null, Object(Config\Cache), false)
 9 FCPATH\index.php(55): CodeIgniter\CodeIgniter->run()
10 SYSTEMPATH\Commands\Server\rewrite.php(43): require_once('FCPATH\\index.php')
CRITICAL - 2022-06-28 11:08:45 --> Attempt to read property "id_loket" on array
in APPPATH\Views\loket\v_ubah_loket.php on line 8.
 1 APPPATH\Views\loket\v_ubah_loket.php(8): CodeIgniter\Debug\Exceptions->errorHandler(2, 'Attempt to read property "id_loket" on array', 'APPPATH\\Views\\loket\\v_ubah_loket.php', 8)
 2 SYSTEMPATH\View\View.php(213): include('APPPATH\\Views\\loket\\v_ubah_loket.php')
 3 SYSTEMPATH\View\View.php(216): CodeIgniter\View\View->CodeIgniter\View\{closure}()
 4 SYSTEMPATH\Common.php(1135): CodeIgniter\View\View->render('loket/v_ubah_loket', [], true)
 5 APPPATH\Controllers\Loket.php(86): view('loket/v_ubah_loket', [...])
 6 SYSTEMPATH\CodeIgniter.php(896): App\Controllers\Loket->edit_loket('1')
 7 SYSTEMPATH\CodeIgniter.php(466): CodeIgniter\CodeIgniter->runController(Object(App\Controllers\Loket))
 8 SYSTEMPATH\CodeIgniter.php(349): CodeIgniter\CodeIgniter->handleRequest(null, Object(Config\Cache), false)
 9 FCPATH\index.php(55): CodeIgniter\CodeIgniter->run()
10 SYSTEMPATH\Commands\Server\rewrite.php(43): require_once('FCPATH\\index.php')
CRITICAL - 2022-06-28 11:08:50 --> Call to undefined method CodeIgniter\Database\MySQLi\Result::getResults()
in APPPATH\Controllers\Loket.php on line 79.
 1 SYSTEMPATH\CodeIgniter.php(896): App\Controllers\Loket->edit_loket('1')
 2 SYSTEMPATH\CodeIgniter.php(466): CodeIgniter\CodeIgniter->runController(Object(App\Controllers\Loket))
 3 SYSTEMPATH\CodeIgniter.php(349): CodeIgniter\CodeIgniter->handleRequest(null, Object(Config\Cache), false)
 4 FCPATH\index.php(55): CodeIgniter\CodeIgniter->run()
 5 SYSTEMPATH\Commands\Server\rewrite.php(43): require_once('FCPATH\\index.php')
CRITICAL - 2022-06-28 11:08:54 --> Attempt to read property "id_loket" on array
in APPPATH\Views\loket\v_ubah_loket.php on line 8.
 1 APPPATH\Views\loket\v_ubah_loket.php(8): CodeIgniter\Debug\Exceptions->errorHandler(2, 'Attempt to read property "id_loket" on array', 'APPPATH\\Views\\loket\\v_ubah_loket.php', 8)
 2 SYSTEMPATH\View\View.php(213): include('APPPATH\\Views\\loket\\v_ubah_loket.php')
 3 SYSTEMPATH\View\View.php(216): CodeIgniter\View\View->CodeIgniter\View\{closure}()
 4 SYSTEMPATH\Common.php(1135): CodeIgniter\View\View->render('loket/v_ubah_loket', [], true)
 5 APPPATH\Controllers\Loket.php(86): view('loket/v_ubah_loket', [...])
 6 SYSTEMPATH\CodeIgniter.php(896): App\Controllers\Loket->edit_loket('1')
 7 SYSTEMPATH\CodeIgniter.php(466): CodeIgniter\CodeIgniter->runController(Object(App\Controllers\Loket))
 8 SYSTEMPATH\CodeIgniter.php(349): CodeIgniter\CodeIgniter->handleRequest(null, Object(Config\Cache), false)
 9 FCPATH\index.php(55): CodeIgniter\CodeIgniter->run()
10 SYSTEMPATH\Commands\Server\rewrite.php(43): require_once('FCPATH\\index.php')
CRITICAL - 2022-06-28 11:09:01 --> Attempt to read property "id_loket" on array
in APPPATH\Views\loket\v_ubah_loket.php on line 8.
 1 APPPATH\Views\loket\v_ubah_loket.php(8): CodeIgniter\Debug\Exceptions->errorHandler(2, 'Attempt to read property "id_loket" on array', 'APPPATH\\Views\\loket\\v_ubah_loket.php', 8)
 2 SYSTEMPATH\View\View.php(213): include('APPPATH\\Views\\loket\\v_ubah_loket.php')
 3 SYSTEMPATH\View\View.php(216): CodeIgniter\View\View->CodeIgniter\View\{closure}()
 4 SYSTEMPATH\Common.php(1135): CodeIgniter\View\View->render('loket/v_ubah_loket', [], true)
 5 APPPATH\Controllers\Loket.php(86): view('loket/v_ubah_loket', [...])
 6 SYSTEMPATH\CodeIgniter.php(896): App\Controllers\Loket->edit_loket('1')
 7 SYSTEMPATH\CodeIgniter.php(466): CodeIgniter\CodeIgniter->runController(Object(App\Controllers\Loket))
 8 SYSTEMPATH\CodeIgniter.php(349): CodeIgniter\CodeIgniter->handleRequest(null, Object(Config\Cache), false)
 9 FCPATH\index.php(55): CodeIgniter\CodeIgniter->run()
10 SYSTEMPATH\Commands\Server\rewrite.php(43): require_once('FCPATH\\index.php')
CRITICAL - 2022-06-28 11:09:11 --> Undefined array key "id_loket"
in APPPATH\Views\loket\v_ubah_loket.php on line 8.
 1 APPPATH\Views\loket\v_ubah_loket.php(8): CodeIgniter\Debug\Exceptions->errorHandler(2, 'Undefined array key "id_loket"', 'APPPATH\\Views\\loket\\v_ubah_loket.php', 8)
 2 SYSTEMPATH\View\View.php(213): include('APPPATH\\Views\\loket\\v_ubah_loket.php')
 3 SYSTEMPATH\View\View.php(216): CodeIgniter\View\View->CodeIgniter\View\{closure}()
 4 SYSTEMPATH\Common.php(1135): CodeIgniter\View\View->render('loket/v_ubah_loket', [], true)
 5 APPPATH\Controllers\Loket.php(86): view('loket/v_ubah_loket', [...])
 6 SYSTEMPATH\CodeIgniter.php(896): App\Controllers\Loket->edit_loket('1')
 7 SYSTEMPATH\CodeIgniter.php(466): CodeIgniter\CodeIgniter->runController(Object(App\Controllers\Loket))
 8 SYSTEMPATH\CodeIgniter.php(349): CodeIgniter\CodeIgniter->handleRequest(null, Object(Config\Cache), false)
 9 FCPATH\index.php(55): CodeIgniter\CodeIgniter->run()
10 SYSTEMPATH\Commands\Server\rewrite.php(43): require_once('FCPATH\\index.php')
CRITICAL - 2022-06-28 11:11:35 --> Undefined variable $pelayanan
in APPPATH\Views\loket\v_ubah_loket.php on line 23.
 1 APPPATH\Views\loket\v_ubah_loket.php(23): CodeIgniter\Debug\Exceptions->errorHandler(2, 'Undefined variable $pelayanan', 'APPPATH\\Views\\loket\\v_ubah_loket.php', 23)
 2 SYSTEMPATH\View\View.php(213): include('APPPATH\\Views\\loket\\v_ubah_loket.php')
 3 SYSTEMPATH\View\View.php(216): CodeIgniter\View\View->CodeIgniter\View\{closure}()
 4 SYSTEMPATH\Common.php(1135): CodeIgniter\View\View->render('loket/v_ubah_loket', [], true)
 5 APPPATH\Controllers\Loket.php(88): view('loket/v_ubah_loket', [...])
 6 SYSTEMPATH\CodeIgniter.php(896): App\Controllers\Loket->edit_loket('1')
 7 SYSTEMPATH\CodeIgniter.php(466): CodeIgniter\CodeIgniter->runController(Object(App\Controllers\Loket))
 8 SYSTEMPATH\CodeIgniter.php(349): CodeIgniter\CodeIgniter->handleRequest(null, Object(Config\Cache), false)
 9 FCPATH\index.php(55): CodeIgniter\CodeIgniter->run()
10 SYSTEMPATH\Commands\Server\rewrite.php(43): require_once('FCPATH\\index.php')
CRITICAL - 2022-06-28 11:11:46 --> Attempt to read property "id_pelayanan" on string
in APPPATH\Views\loket\v_ubah_loket.php on line 24.
 1 APPPATH\Views\loket\v_ubah_loket.php(24): CodeIgniter\Debug\Exceptions->errorHandler(2, 'Attempt to read property "id_pelayanan" on string', 'APPPATH\\Views\\loket\\v_ubah_loket.php', 24)
 2 SYSTEMPATH\View\View.php(213): include('APPPATH\\Views\\loket\\v_ubah_loket.php')
 3 SYSTEMPATH\View\View.php(216): CodeIgniter\View\View->CodeIgniter\View\{closure}()
 4 SYSTEMPATH\Common.php(1135): CodeIgniter\View\View->render('loket/v_ubah_loket', [], true)
 5 APPPATH\Controllers\Loket.php(88): view('loket/v_ubah_loket', [...])
 6 SYSTEMPATH\CodeIgniter.php(896): App\Controllers\Loket->edit_loket('1')
 7 SYSTEMPATH\CodeIgniter.php(466): CodeIgniter\CodeIgniter->runController(Object(App\Controllers\Loket))
 8 SYSTEMPATH\CodeIgniter.php(349): CodeIgniter\CodeIgniter->handleRequest(null, Object(Config\Cache), false)
 9 FCPATH\index.php(55): CodeIgniter\CodeIgniter->run()
10 SYSTEMPATH\Commands\Server\rewrite.php(43): require_once('FCPATH\\index.php')
CRITICAL - 2022-06-28 11:12:36 --> Attempt to read property "id_pelayanan" on string
in APPPATH\Views\loket\v_ubah_loket.php on line 24.
 1 APPPATH\Views\loket\v_ubah_loket.php(24): CodeIgniter\Debug\Exceptions->errorHandler(2, 'Attempt to read property "id_pelayanan" on string', 'APPPATH\\Views\\loket\\v_ubah_loket.php', 24)
 2 SYSTEMPATH\View\View.php(213): include('APPPATH\\Views\\loket\\v_ubah_loket.php')
 3 SYSTEMPATH\View\View.php(216): CodeIgniter\View\View->CodeIgniter\View\{closure}()
 4 SYSTEMPATH\Common.php(1135): CodeIgniter\View\View->render('loket/v_ubah_loket', [], true)
 5 APPPATH\Controllers\Loket.php(88): view('loket/v_ubah_loket', [...])
 6 SYSTEMPATH\CodeIgniter.php(896): App\Controllers\Loket->edit_loket('1')
 7 SYSTEMPATH\CodeIgniter.php(466): CodeIgniter\CodeIgniter->runController(Object(App\Controllers\Loket))
 8 SYSTEMPATH\CodeIgniter.php(349): CodeIgniter\CodeIgniter->handleRequest(null, Object(Config\Cache), false)
 9 FCPATH\index.php(55): CodeIgniter\CodeIgniter->run()
10 SYSTEMPATH\Commands\Server\rewrite.php(43): require_once('FCPATH\\index.php')
CRITICAL - 2022-06-28 11:13:49 --> Undefined property: stdClass::$id_pelayanan
in APPPATH\Views\loket\v_ubah_loket.php on line 24.
 1 APPPATH\Views\loket\v_ubah_loket.php(24): CodeIgniter\Debug\Exceptions->errorHandler(2, 'Undefined property: stdClass::$id_pelayanan', 'APPPATH\\Views\\loket\\v_ubah_loket.php', 24)
 2 SYSTEMPATH\View\View.php(213): include('APPPATH\\Views\\loket\\v_ubah_loket.php')
 3 SYSTEMPATH\View\View.php(216): CodeIgniter\View\View->CodeIgniter\View\{closure}()
 4 SYSTEMPATH\Common.php(1135): CodeIgniter\View\View->render('loket/v_ubah_loket', [], true)
 5 APPPATH\Controllers\Loket.php(90): view('loket/v_ubah_loket', [...])
 6 SYSTEMPATH\CodeIgniter.php(896): App\Controllers\Loket->edit_loket('1')
 7 SYSTEMPATH\CodeIgniter.php(466): CodeIgniter\CodeIgniter->runController(Object(App\Controllers\Loket))
 8 SYSTEMPATH\CodeIgniter.php(349): CodeIgniter\CodeIgniter->handleRequest(null, Object(Config\Cache), false)
 9 FCPATH\index.php(55): CodeIgniter\CodeIgniter->run()
10 SYSTEMPATH\Commands\Server\rewrite.php(43): require_once('FCPATH\\index.php')
CRITICAL - 2022-06-28 11:13:55 --> Undefined property: stdClass::$id_pelayanan
in APPPATH\Views\loket\v_ubah_loket.php on line 24.
 1 APPPATH\Views\loket\v_ubah_loket.php(24): CodeIgniter\Debug\Exceptions->errorHandler(2, 'Undefined property: stdClass::$id_pelayanan', 'APPPATH\\Views\\loket\\v_ubah_loket.php', 24)
 2 SYSTEMPATH\View\View.php(213): include('APPPATH\\Views\\loket\\v_ubah_loket.php')
 3 SYSTEMPATH\View\View.php(216): CodeIgniter\View\View->CodeIgniter\View\{closure}()
 4 SYSTEMPATH\Common.php(1135): CodeIgniter\View\View->render('loket/v_ubah_loket', [], true)
 5 APPPATH\Controllers\Loket.php(90): view('loket/v_ubah_loket', [...])
 6 SYSTEMPATH\CodeIgniter.php(896): App\Controllers\Loket->edit_loket('1')
 7 SYSTEMPATH\CodeIgniter.php(466): CodeIgniter\CodeIgniter->runController(Object(App\Controllers\Loket))
 8 SYSTEMPATH\CodeIgniter.php(349): CodeIgniter\CodeIgniter->handleRequest(null, Object(Config\Cache), false)
 9 FCPATH\index.php(55): CodeIgniter\CodeIgniter->run()
10 SYSTEMPATH\Commands\Server\rewrite.php(43): require_once('FCPATH\\index.php')
CRITICAL - 2022-06-28 11:14:51 --> Undefined property: stdClass::$id_pelayanan
in APPPATH\Views\loket\v_ubah_loket.php on line 24.
 1 APPPATH\Views\loket\v_ubah_loket.php(24): CodeIgniter\Debug\Exceptions->errorHandler(2, 'Undefined property: stdClass::$id_pelayanan', 'APPPATH\\Views\\loket\\v_ubah_loket.php', 24)
 2 SYSTEMPATH\View\View.php(213): include('APPPATH\\Views\\loket\\v_ubah_loket.php')
 3 SYSTEMPATH\View\View.php(216): CodeIgniter\View\View->CodeIgniter\View\{closure}()
 4 SYSTEMPATH\Common.php(1135): CodeIgniter\View\View->render('loket/v_ubah_loket', [], true)
 5 APPPATH\Controllers\Loket.php(90): view('loket/v_ubah_loket', [...])
 6 SYSTEMPATH\CodeIgniter.php(896): App\Controllers\Loket->edit_loket('1')
 7 SYSTEMPATH\CodeIgniter.php(466): CodeIgniter\CodeIgniter->runController(Object(App\Controllers\Loket))
 8 SYSTEMPATH\CodeIgniter.php(349): CodeIgniter\CodeIgniter->handleRequest(null, Object(Config\Cache), false)
 9 FCPATH\index.php(55): CodeIgniter\CodeIgniter->run()
10 SYSTEMPATH\Commands\Server\rewrite.php(43): require_once('FCPATH\\index.php')
CRITICAL - 2022-06-28 11:14:57 --> Undefined property: stdClass::$nama_pelayanan
in APPPATH\Views\loket\v_ubah_loket.php on line 24.
 1 APPPATH\Views\loket\v_ubah_loket.php(24): CodeIgniter\Debug\Exceptions->errorHandler(2, 'Undefined property: stdClass::$nama_pelayanan', 'APPPATH\\Views\\loket\\v_ubah_loket.php', 24)
 2 SYSTEMPATH\View\View.php(213): include('APPPATH\\Views\\loket\\v_ubah_loket.php')
 3 SYSTEMPATH\View\View.php(216): CodeIgniter\View\View->CodeIgniter\View\{closure}()
 4 SYSTEMPATH\Common.php(1135): CodeIgniter\View\View->render('loket/v_ubah_loket', [], true)
 5 APPPATH\Controllers\Loket.php(90): view('loket/v_ubah_loket', [...])
 6 SYSTEMPATH\CodeIgniter.php(896): App\Controllers\Loket->edit_loket('1')
 7 SYSTEMPATH\CodeIgniter.php(466): CodeIgniter\CodeIgniter->runController(Object(App\Controllers\Loket))
 8 SYSTEMPATH\CodeIgniter.php(349): CodeIgniter\CodeIgniter->handleRequest(null, Object(Config\Cache), false)
 9 FCPATH\index.php(55): CodeIgniter\CodeIgniter->run()
10 SYSTEMPATH\Commands\Server\rewrite.php(43): require_once('FCPATH\\index.php')
CRITICAL - 2022-06-28 11:15:29 --> Undefined property: stdClass::$id_pelayanan
in APPPATH\Views\loket\v_ubah_loket.php on line 24.
 1 APPPATH\Views\loket\v_ubah_loket.php(24): CodeIgniter\Debug\Exceptions->errorHandler(2, 'Undefined property: stdClass::$id_pelayanan', 'APPPATH\\Views\\loket\\v_ubah_loket.php', 24)
 2 SYSTEMPATH\View\View.php(213): include('APPPATH\\Views\\loket\\v_ubah_loket.php')
 3 SYSTEMPATH\View\View.php(216): CodeIgniter\View\View->CodeIgniter\View\{closure}()
 4 SYSTEMPATH\Common.php(1135): CodeIgniter\View\View->render('loket/v_ubah_loket', [], true)
 5 APPPATH\Controllers\Loket.php(90): view('loket/v_ubah_loket', [...])
 6 SYSTEMPATH\CodeIgniter.php(896): App\Controllers\Loket->edit_loket('1')
 7 SYSTEMPATH\CodeIgniter.php(466): CodeIgniter\CodeIgniter->runController(Object(App\Controllers\Loket))
 8 SYSTEMPATH\CodeIgniter.php(349): CodeIgniter\CodeIgniter->handleRequest(null, Object(Config\Cache), false)
 9 FCPATH\index.php(55): CodeIgniter\CodeIgniter->run()
10 SYSTEMPATH\Commands\Server\rewrite.php(43): require_once('FCPATH\\index.php')
CRITICAL - 2022-06-28 12:08:43 --> Cannot use object of type stdClass as array
in APPPATH\Views\loket\v_tambah_loket.php on line 24.
 1 SYSTEMPATH\View\View.php(213): include()
 2 SYSTEMPATH\View\View.php(216): CodeIgniter\View\View->CodeIgniter\View\{closure}()
 3 SYSTEMPATH\Common.php(1135): CodeIgniter\View\View->render('loket/v_tambah_loket', [], true)
 4 APPPATH\Controllers\Loket.php(44): view('loket/v_tambah_loket', [...])
 5 SYSTEMPATH\CodeIgniter.php(896): App\Controllers\Loket->tambah_loket()
 6 SYSTEMPATH\CodeIgniter.php(466): CodeIgniter\CodeIgniter->runController(Object(App\Controllers\Loket))
 7 SYSTEMPATH\CodeIgniter.php(349): CodeIgniter\CodeIgniter->handleRequest(null, Object(Config\Cache), false)
 8 FCPATH\index.php(55): CodeIgniter\CodeIgniter->run()
 9 SYSTEMPATH\Commands\Server\rewrite.php(43): require_once('FCPATH\\index.php')
CRITICAL - 2022-06-28 12:17:44 --> syntax error, unexpected token "if", expecting identifier or variable or "{" or "$"
in APPPATH\Config\Routes.php on line 84.
 1 SYSTEMPATH\CodeIgniter.php(415): CodeIgniter\CodeIgniter->tryToRouteIt(null)
 2 SYSTEMPATH\CodeIgniter.php(349): CodeIgniter\CodeIgniter->handleRequest(null, Object(Config\Cache), false)
 3 FCPATH\index.php(55): CodeIgniter\CodeIgniter->run()
 4 SYSTEMPATH\Commands\Server\rewrite.php(43): require_once('FCPATH\\index.php')
CRITICAL - 2022-06-28 12:20:37 --> Invalid file: antrian/v_antrian.php
in SYSTEMPATH\Exceptions\FrameworkException.php on line 33.
 1 SYSTEMPATH\View\View.php(201): CodeIgniter\Exceptions\FrameworkException::forInvalidFile('antrian/v_antrian.php')
 2 SYSTEMPATH\Common.php(1135): CodeIgniter\View\View->render('antrian/v_antrian', [], true)
 3 APPPATH\Controllers\Antrian.php(22): view('antrian/v_antrian', [...])
 4 SYSTEMPATH\CodeIgniter.php(896): App\Controllers\Antrian->index()
 5 SYSTEMPATH\CodeIgniter.php(466): CodeIgniter\CodeIgniter->runController(Object(App\Controllers\Antrian))
 6 SYSTEMPATH\CodeIgniter.php(349): CodeIgniter\CodeIgniter->handleRequest(null, Object(Config\Cache), false)
 7 FCPATH\index.php(55): CodeIgniter\CodeIgniter->run()
 8 SYSTEMPATH\Commands\Server\rewrite.php(43): require_once('FCPATH\\index.php')
