ERROR - 2022-07-07 03:49:00 --> Unknown column 'loket.loket_id' in 'on clause'
CRITICAL - 2022-07-07 03:49:00 --> Unknown column 'loket.loket_id' in 'on clause'
in SYSTEMPATH\Database\MySQLi\Connection.php on line 292.
 1 SYSTEMPATH\Database\MySQLi\Connection.php(292): mysqli->query('SELECT *
FROM `pelayanan`
LEFT JOIN `loket` ON `loket`.`id_loket` = `loket`.`loket_id`', 0)
 2 SYSTEMPATH\Database\BaseConnection.php(695): CodeIgniter\Database\MySQLi\Connection->execute('SELECT *
FROM `pelayanan`
LEFT JOIN `loket` ON `loket`.`id_loket` = `loket`.`loket_id`')
 3 SYSTEMPATH\Database\BaseConnection.php(609): CodeIgniter\Database\BaseConnection->simpleQuery('SELECT *
FROM `pelayanan`
LEFT JOIN `loket` ON `loket`.`id_loket` = `loket`.`loket_id`')
 4 SYSTEMPATH\Database\BaseBuilder.php(1585): CodeIgniter\Database\BaseConnection->query('SELECT *
FROM `pelayanan`
LEFT JOIN `loket` ON `loket`.`id_loket` = `loket`.`loket_id`', [], false)
 5 APPPATH\Controllers\Loket.php(68): CodeIgniter\Database\BaseBuilder->get()
 6 SYSTEMPATH\CodeIgniter.php(896): App\Controllers\Loket->tambah_loket()
 7 SYSTEMPATH\CodeIgniter.php(466): CodeIgniter\CodeIgniter->runController(Object(App\Controllers\Loket))
 8 SYSTEMPATH\CodeIgniter.php(349): CodeIgniter\CodeIgniter->handleRequest(null, Object(Config\Cache), false)
 9 FCPATH\index.php(55): CodeIgniter\CodeIgniter->run()
10 SYSTEMPATH\Commands\Server\rewrite.php(43): require_once('FCPATH\\index.php')
ERROR - 2022-07-07 03:49:14 --> Unknown column 'pelayanan.loket_id' in 'on clause'
CRITICAL - 2022-07-07 03:49:14 --> Unknown column 'pelayanan.loket_id' in 'on clause'
in SYSTEMPATH\Database\MySQLi\Connection.php on line 292.
 1 SYSTEMPATH\Database\MySQLi\Connection.php(292): mysqli->query('SELECT *
FROM `pelayanan`
LEFT JOIN `loket` ON `loket`.`id_loket` = `pelayanan`.`loket_id`', 0)
 2 SYSTEMPATH\Database\BaseConnection.php(695): CodeIgniter\Database\MySQLi\Connection->execute('SELECT *
FROM `pelayanan`
LEFT JOIN `loket` ON `loket`.`id_loket` = `pelayanan`.`loket_id`')
 3 SYSTEMPATH\Database\BaseConnection.php(609): CodeIgniter\Database\BaseConnection->simpleQuery('SELECT *
FROM `pelayanan`
LEFT JOIN `loket` ON `loket`.`id_loket` = `pelayanan`.`loket_id`')
 4 SYSTEMPATH\Database\BaseBuilder.php(1585): CodeIgniter\Database\BaseConnection->query('SELECT *
FROM `pelayanan`
LEFT JOIN `loket` ON `loket`.`id_loket` = `pelayanan`.`loket_id`', [], false)
 5 APPPATH\Controllers\Loket.php(68): CodeIgniter\Database\BaseBuilder->get()
 6 SYSTEMPATH\CodeIgniter.php(896): App\Controllers\Loket->tambah_loket()
 7 SYSTEMPATH\CodeIgniter.php(466): CodeIgniter\CodeIgniter->runController(Object(App\Controllers\Loket))
 8 SYSTEMPATH\CodeIgniter.php(349): CodeIgniter\CodeIgniter->handleRequest(null, Object(Config\Cache), false)
 9 FCPATH\index.php(55): CodeIgniter\CodeIgniter->run()
10 SYSTEMPATH\Commands\Server\rewrite.php(43): require_once('FCPATH\\index.php')
ERROR - 2022-07-07 08:31:47 --> Error connecting to the database: No connection could be made because the target machine actively refused it
CRITICAL - 2022-07-07 08:31:47 --> Unable to connect to the database.
Main connection [MySQLi]: No connection could be made because the target machine actively refused it
in SYSTEMPATH\Database\BaseConnection.php on line 416.
 1 SYSTEMPATH\Database\BaseConnection.php(586): CodeIgniter\Database\BaseConnection->initialize()
 2 SYSTEMPATH\Database\BaseBuilder.php(1585): CodeIgniter\Database\BaseConnection->query('SELECT *
FROM `pelayanan`
LEFT JOIN `loket` ON `loket`.`pelayanan_id` = `pelayanan`.`id_pelayanan`', [], false)
 3 APPPATH\Controllers\Pelayanan.php(23): CodeIgniter\Database\BaseBuilder->get()
 4 SYSTEMPATH\CodeIgniter.php(896): app\Controllers\Pelayanan->index()
 5 SYSTEMPATH\CodeIgniter.php(466): CodeIgniter\CodeIgniter->runController(Object(app\Controllers\Pelayanan))
 6 SYSTEMPATH\CodeIgniter.php(349): CodeIgniter\CodeIgniter->handleRequest(null, Object(Config\Cache), false)
 7 FCPATH\index.php(55): CodeIgniter\CodeIgniter->run()
 8 SYSTEMPATH\Commands\Server\rewrite.php(43): require_once('FCPATH\\index.php')
ERROR - 2022-07-07 08:31:54 --> Error connecting to the database: No connection could be made because the target machine actively refused it
CRITICAL - 2022-07-07 08:31:54 --> Unable to connect to the database.
Main connection [MySQLi]: No connection could be made because the target machine actively refused it
in SYSTEMPATH\Database\BaseConnection.php on line 416.
 1 SYSTEMPATH\Database\BaseConnection.php(586): CodeIgniter\Database\BaseConnection->initialize()
 2 SYSTEMPATH\Database\BaseBuilder.php(1585): CodeIgniter\Database\BaseConnection->query('SELECT *
FROM `pelayanan`
LEFT JOIN `loket` ON `loket`.`pelayanan_id` = `pelayanan`.`id_pelayanan`', [], false)
 3 APPPATH\Controllers\Pelayanan.php(23): CodeIgniter\Database\BaseBuilder->get()
 4 SYSTEMPATH\CodeIgniter.php(896): app\Controllers\Pelayanan->index()
 5 SYSTEMPATH\CodeIgniter.php(466): CodeIgniter\CodeIgniter->runController(Object(app\Controllers\Pelayanan))
 6 SYSTEMPATH\CodeIgniter.php(349): CodeIgniter\CodeIgniter->handleRequest(null, Object(Config\Cache), false)
 7 FCPATH\index.php(55): CodeIgniter\CodeIgniter->run()
 8 SYSTEMPATH\Commands\Server\rewrite.php(43): require_once('FCPATH\\index.php')
CRITICAL - 2022-07-07 08:36:55 --> Undefined array key "status"
in APPPATH\Views\antrian\v_antrian.php on line 47.
 1 APPPATH\Views\antrian\v_antrian.php(47): CodeIgniter\Debug\Exceptions->errorHandler(2, 'Undefined array key "status"', 'APPPATH\\Views\\antrian\\v_antrian.php', 47)
 2 SYSTEMPATH\View\View.php(213): include('APPPATH\\Views\\antrian\\v_antrian.php')
 3 SYSTEMPATH\View\View.php(216): CodeIgniter\View\View->CodeIgniter\View\{closure}()
 4 SYSTEMPATH\Common.php(1135): CodeIgniter\View\View->render('antrian/v_antrian', [], true)
 5 APPPATH\Controllers\Antrian.php(37): view('antrian/v_antrian', [...])
 6 SYSTEMPATH\CodeIgniter.php(896): App\Controllers\Antrian->index()
 7 SYSTEMPATH\CodeIgniter.php(466): CodeIgniter\CodeIgniter->runController(Object(App\Controllers\Antrian))
 8 SYSTEMPATH\CodeIgniter.php(349): CodeIgniter\CodeIgniter->handleRequest(null, Object(Config\Cache), false)
 9 FCPATH\index.php(55): CodeIgniter\CodeIgniter->run()
10 SYSTEMPATH\Commands\Server\rewrite.php(43): require_once('FCPATH\\index.php')
CRITICAL - 2022-07-07 08:37:04 --> Undefined array key "status"
in APPPATH\Views\antrian\v_antrian.php on line 47.
 1 APPPATH\Views\antrian\v_antrian.php(47): CodeIgniter\Debug\Exceptions->errorHandler(2, 'Undefined array key "status"', 'APPPATH\\Views\\antrian\\v_antrian.php', 47)
 2 SYSTEMPATH\View\View.php(213): include('APPPATH\\Views\\antrian\\v_antrian.php')
 3 SYSTEMPATH\View\View.php(216): CodeIgniter\View\View->CodeIgniter\View\{closure}()
 4 SYSTEMPATH\Common.php(1135): CodeIgniter\View\View->render('antrian/v_antrian', [], true)
 5 APPPATH\Controllers\Antrian.php(37): view('antrian/v_antrian', [...])
 6 SYSTEMPATH\CodeIgniter.php(896): App\Controllers\Antrian->index()
 7 SYSTEMPATH\CodeIgniter.php(466): CodeIgniter\CodeIgniter->runController(Object(App\Controllers\Antrian))
 8 SYSTEMPATH\CodeIgniter.php(349): CodeIgniter\CodeIgniter->handleRequest(null, Object(Config\Cache), false)
 9 FCPATH\index.php(55): CodeIgniter\CodeIgniter->run()
10 SYSTEMPATH\Commands\Server\rewrite.php(43): require_once('FCPATH\\index.php')
CRITICAL - 2022-07-07 08:40:48 --> syntax error, unexpected token "if", expecting ":"
in APPPATH\Views\antrian\v_antrian.php on line 49.
 1 SYSTEMPATH\View\View.php(216): CodeIgniter\View\View->CodeIgniter\View\{closure}()
 2 SYSTEMPATH\Common.php(1135): CodeIgniter\View\View->render('antrian/v_antrian', [], true)
 3 APPPATH\Controllers\Antrian.php(37): view('antrian/v_antrian', [...])
 4 SYSTEMPATH\CodeIgniter.php(896): App\Controllers\Antrian->index()
 5 SYSTEMPATH\CodeIgniter.php(466): CodeIgniter\CodeIgniter->runController(Object(App\Controllers\Antrian))
 6 SYSTEMPATH\CodeIgniter.php(349): CodeIgniter\CodeIgniter->handleRequest(null, Object(Config\Cache), false)
 7 FCPATH\index.php(55): CodeIgniter\CodeIgniter->run()
 8 SYSTEMPATH\Commands\Server\rewrite.php(43): require_once('FCPATH\\index.php')
CRITICAL - 2022-07-07 08:46:56 --> Too few arguments to function CodeIgniter\Database\BaseConnection::table(), 0 passed in C:\xampp\htdocs\antrian\app\Views\antrian\v_antrian.php on line 48 and exactly 1 expected
in SYSTEMPATH\Database\BaseConnection.php on line 871.
 1 APPPATH\Views\antrian\v_antrian.php(48): CodeIgniter\Database\BaseConnection->table()
 2 SYSTEMPATH\View\View.php(213): include('APPPATH\\Views\\antrian\\v_antrian.php')
 3 SYSTEMPATH\View\View.php(216): CodeIgniter\View\View->CodeIgniter\View\{closure}()
 4 SYSTEMPATH\Common.php(1135): CodeIgniter\View\View->render('antrian/v_antrian', [], true)
 5 APPPATH\Controllers\Antrian.php(37): view('antrian/v_antrian', [...])
 6 SYSTEMPATH\CodeIgniter.php(896): App\Controllers\Antrian->index()
 7 SYSTEMPATH\CodeIgniter.php(466): CodeIgniter\CodeIgniter->runController(Object(App\Controllers\Antrian))
 8 SYSTEMPATH\CodeIgniter.php(349): CodeIgniter\CodeIgniter->handleRequest(null, Object(Config\Cache), false)
 9 FCPATH\index.php(55): CodeIgniter\CodeIgniter->run()
10 SYSTEMPATH\Commands\Server\rewrite.php(43): require_once('FCPATH\\index.php')
CRITICAL - 2022-07-07 08:47:04 --> Undefined variable $id_loket
in APPPATH\Views\antrian\v_antrian.php on line 50.
 1 APPPATH\Views\antrian\v_antrian.php(50): CodeIgniter\Debug\Exceptions->errorHandler(2, 'Undefined variable $id_loket', 'APPPATH\\Views\\antrian\\v_antrian.php', 50)
 2 SYSTEMPATH\View\View.php(213): include('APPPATH\\Views\\antrian\\v_antrian.php')
 3 SYSTEMPATH\View\View.php(216): CodeIgniter\View\View->CodeIgniter\View\{closure}()
 4 SYSTEMPATH\Common.php(1135): CodeIgniter\View\View->render('antrian/v_antrian', [], true)
 5 APPPATH\Controllers\Antrian.php(37): view('antrian/v_antrian', [...])
 6 SYSTEMPATH\CodeIgniter.php(896): App\Controllers\Antrian->index()
 7 SYSTEMPATH\CodeIgniter.php(466): CodeIgniter\CodeIgniter->runController(Object(App\Controllers\Antrian))
 8 SYSTEMPATH\CodeIgniter.php(349): CodeIgniter\CodeIgniter->handleRequest(null, Object(Config\Cache), false)
 9 FCPATH\index.php(55): CodeIgniter\CodeIgniter->run()
10 SYSTEMPATH\Commands\Server\rewrite.php(43): require_once('FCPATH\\index.php')
CRITICAL - 2022-07-07 08:48:54 --> Undefined array key "id_loket"
in APPPATH\Views\antrian\v_antrian.php on line 50.
 1 APPPATH\Views\antrian\v_antrian.php(50): CodeIgniter\Debug\Exceptions->errorHandler(2, 'Undefined array key "id_loket"', 'APPPATH\\Views\\antrian\\v_antrian.php', 50)
 2 SYSTEMPATH\View\View.php(213): include('APPPATH\\Views\\antrian\\v_antrian.php')
 3 SYSTEMPATH\View\View.php(216): CodeIgniter\View\View->CodeIgniter\View\{closure}()
 4 SYSTEMPATH\Common.php(1135): CodeIgniter\View\View->render('antrian/v_antrian', [], true)
 5 APPPATH\Controllers\Antrian.php(37): view('antrian/v_antrian', [...])
 6 SYSTEMPATH\CodeIgniter.php(896): App\Controllers\Antrian->index()
 7 SYSTEMPATH\CodeIgniter.php(466): CodeIgniter\CodeIgniter->runController(Object(App\Controllers\Antrian))
 8 SYSTEMPATH\CodeIgniter.php(349): CodeIgniter\CodeIgniter->handleRequest(null, Object(Config\Cache), false)
 9 FCPATH\index.php(55): CodeIgniter\CodeIgniter->run()
10 SYSTEMPATH\Commands\Server\rewrite.php(43): require_once('FCPATH\\index.php')
CRITICAL - 2022-07-07 08:48:57 --> Undefined array key "id_loket"
in APPPATH\Views\antrian\v_antrian.php on line 50.
 1 APPPATH\Views\antrian\v_antrian.php(50): CodeIgniter\Debug\Exceptions->errorHandler(2, 'Undefined array key "id_loket"', 'APPPATH\\Views\\antrian\\v_antrian.php', 50)
 2 SYSTEMPATH\View\View.php(213): include('APPPATH\\Views\\antrian\\v_antrian.php')
 3 SYSTEMPATH\View\View.php(216): CodeIgniter\View\View->CodeIgniter\View\{closure}()
 4 SYSTEMPATH\Common.php(1135): CodeIgniter\View\View->render('antrian/v_antrian', [], true)
 5 APPPATH\Controllers\Antrian.php(37): view('antrian/v_antrian', [...])
 6 SYSTEMPATH\CodeIgniter.php(896): App\Controllers\Antrian->index()
 7 SYSTEMPATH\CodeIgniter.php(466): CodeIgniter\CodeIgniter->runController(Object(App\Controllers\Antrian))
 8 SYSTEMPATH\CodeIgniter.php(349): CodeIgniter\CodeIgniter->handleRequest(null, Object(Config\Cache), false)
 9 FCPATH\index.php(55): CodeIgniter\CodeIgniter->run()
10 SYSTEMPATH\Commands\Server\rewrite.php(43): require_once('FCPATH\\index.php')
CRITICAL - 2022-07-07 08:54:19 --> syntax error, unexpected token "else"
in APPPATH\Views\antrian\v_antrian.php on line 65.
 1 SYSTEMPATH\View\View.php(216): CodeIgniter\View\View->CodeIgniter\View\{closure}()
 2 SYSTEMPATH\Common.php(1135): CodeIgniter\View\View->render('antrian/v_antrian', [], true)
 3 APPPATH\Controllers\Antrian.php(37): view('antrian/v_antrian', [...])
 4 SYSTEMPATH\CodeIgniter.php(896): App\Controllers\Antrian->index()
 5 SYSTEMPATH\CodeIgniter.php(466): CodeIgniter\CodeIgniter->runController(Object(App\Controllers\Antrian))
 6 SYSTEMPATH\CodeIgniter.php(349): CodeIgniter\CodeIgniter->handleRequest(null, Object(Config\Cache), false)
 7 FCPATH\index.php(55): CodeIgniter\CodeIgniter->run()
 8 SYSTEMPATH\Commands\Server\rewrite.php(43): require_once('FCPATH\\index.php')
CRITICAL - 2022-07-07 08:54:28 --> syntax error, unexpected token "else"
in APPPATH\Views\antrian\v_antrian.php on line 65.
 1 SYSTEMPATH\View\View.php(216): CodeIgniter\View\View->CodeIgniter\View\{closure}()
 2 SYSTEMPATH\Common.php(1135): CodeIgniter\View\View->render('antrian/v_antrian', [], true)
 3 APPPATH\Controllers\Antrian.php(37): view('antrian/v_antrian', [...])
 4 SYSTEMPATH\CodeIgniter.php(896): App\Controllers\Antrian->index()
 5 SYSTEMPATH\CodeIgniter.php(466): CodeIgniter\CodeIgniter->runController(Object(App\Controllers\Antrian))
 6 SYSTEMPATH\CodeIgniter.php(349): CodeIgniter\CodeIgniter->handleRequest(null, Object(Config\Cache), false)
 7 FCPATH\index.php(55): CodeIgniter\CodeIgniter->run()
 8 SYSTEMPATH\Commands\Server\rewrite.php(43): require_once('FCPATH\\index.php')
