ERROR - 2022-06-27 10:33:11 --> Error connecting to the database: Access denied for user ''@'localhost' (using password: NO)
CRITICAL - 2022-06-27 10:33:11 --> Unable to connect to the database.
Main connection [MySQLi]: Access denied for user ''@'localhost' (using password: NO)
in SYSTEMPATH\Database\BaseConnection.php on line 416.
 1 SYSTEMPATH\Database\BaseConnection.php(586): CodeIgniter\Database\BaseConnection->initialize()
 2 SYSTEMPATH\Database\BaseBuilder.php(1585): CodeIgniter\Database\BaseConnection->query('SELECT *
FROM `pelayanan`
 LIMIT 1', [], false)
 3 SYSTEMPATH\Model.php(249): CodeIgniter\Database\BaseBuilder->get()
 4 SYSTEMPATH\BaseModel.php(622): CodeIgniter\Model->doFirst()
 5 APPPATH\Controllers\Pelayanan.php(17): CodeIgniter\BaseModel->first()
 6 SYSTEMPATH\CodeIgniter.php(896): app\Controllers\Pelayanan->index()
 7 SYSTEMPATH\CodeIgniter.php(466): CodeIgniter\CodeIgniter->runController(Object(app\Controllers\Pelayanan))
 8 SYSTEMPATH\CodeIgniter.php(349): CodeIgniter\CodeIgniter->handleRequest(null, Object(Config\Cache), false)
 9 FCPATH\index.php(55): CodeIgniter\CodeIgniter->run()
10 SYSTEMPATH\Commands\Server\rewrite.php(43): require_once('FCPATH\\index.php')
ERROR - 2022-06-27 10:34:14 --> Error connecting to the database: Unknown database 'antrian'
CRITICAL - 2022-06-27 10:34:14 --> Unable to connect to the database.
Main connection [MySQLi]: Unknown database 'antrian'
in SYSTEMPATH\Database\BaseConnection.php on line 416.
 1 SYSTEMPATH\Database\BaseConnection.php(586): CodeIgniter\Database\BaseConnection->initialize()
 2 SYSTEMPATH\Database\BaseBuilder.php(1585): CodeIgniter\Database\BaseConnection->query('SELECT *
FROM `pelayanan`
 LIMIT 1', [], false)
 3 SYSTEMPATH\Model.php(249): CodeIgniter\Database\BaseBuilder->get()
 4 SYSTEMPATH\BaseModel.php(622): CodeIgniter\Model->doFirst()
 5 APPPATH\Controllers\Pelayanan.php(17): CodeIgniter\BaseModel->first()
 6 SYSTEMPATH\CodeIgniter.php(896): app\Controllers\Pelayanan->index()
 7 SYSTEMPATH\CodeIgniter.php(466): CodeIgniter\CodeIgniter->runController(Object(app\Controllers\Pelayanan))
 8 SYSTEMPATH\CodeIgniter.php(349): CodeIgniter\CodeIgniter->handleRequest(null, Object(Config\Cache), false)
 9 FCPATH\index.php(55): CodeIgniter\CodeIgniter->run()
10 SYSTEMPATH\Commands\Server\rewrite.php(43): require_once('FCPATH\\index.php')
ERROR - 2022-06-27 10:35:52 --> Error connecting to the database: Unknown database 'antrian'
CRITICAL - 2022-06-27 10:35:52 --> Unable to connect to the database.
Main connection [MySQLi]: Unknown database 'antrian'
in SYSTEMPATH\Database\BaseConnection.php on line 416.
 1 SYSTEMPATH\Database\BaseConnection.php(586): CodeIgniter\Database\BaseConnection->initialize()
 2 SYSTEMPATH\Database\BaseBuilder.php(1585): CodeIgniter\Database\BaseConnection->query('SELECT *
FROM `pelayanan`
 LIMIT 1', [], false)
 3 SYSTEMPATH\Model.php(249): CodeIgniter\Database\BaseBuilder->get()
 4 SYSTEMPATH\BaseModel.php(622): CodeIgniter\Model->doFirst()
 5 APPPATH\Controllers\Pelayanan.php(17): CodeIgniter\BaseModel->first()
 6 SYSTEMPATH\CodeIgniter.php(896): app\Controllers\Pelayanan->index()
 7 SYSTEMPATH\CodeIgniter.php(466): CodeIgniter\CodeIgniter->runController(Object(app\Controllers\Pelayanan))
 8 SYSTEMPATH\CodeIgniter.php(349): CodeIgniter\CodeIgniter->handleRequest(null, Object(Config\Cache), false)
 9 FCPATH\index.php(55): CodeIgniter\CodeIgniter->run()
10 SYSTEMPATH\Commands\Server\rewrite.php(43): require_once('FCPATH\\index.php')
CRITICAL - 2022-06-27 10:39:35 --> Undefined array key "id"
in APPPATH\Views\pelayanan\v_pelayanan.php on line 13.
 1 APPPATH\Views\pelayanan\v_pelayanan.php(13): CodeIgniter\Debug\Exceptions->errorHandler(2, 'Undefined array key "id"', 'APPPATH\\Views\\pelayanan\\v_pelayanan.php', 13)
 2 SYSTEMPATH\View\View.php(213): include('APPPATH\\Views\\pelayanan\\v_pelayanan.php')
 3 SYSTEMPATH\View\View.php(216): CodeIgniter\View\View->CodeIgniter\View\{closure}()
 4 SYSTEMPATH\Common.php(1135): CodeIgniter\View\View->render('pelayanan/v_pelayanan', [], true)
 5 APPPATH\Controllers\Pelayanan.php(24): view('pelayanan/v_pelayanan', [...])
 6 SYSTEMPATH\CodeIgniter.php(896): app\Controllers\Pelayanan->index()
 7 SYSTEMPATH\CodeIgniter.php(466): CodeIgniter\CodeIgniter->runController(Object(app\Controllers\Pelayanan))
 8 SYSTEMPATH\CodeIgniter.php(349): CodeIgniter\CodeIgniter->handleRequest(null, Object(Config\Cache), false)
 9 FCPATH\index.php(55): CodeIgniter\CodeIgniter->run()
10 SYSTEMPATH\Commands\Server\rewrite.php(43): require_once('FCPATH\\index.php')
CRITICAL - 2022-06-27 11:23:42 --> syntax error, unexpected token "<", expecting end of file
in APPPATH\Views\pelayanan\v_pelayanan.php on line 14.
 1 SYSTEMPATH\View\View.php(216): CodeIgniter\View\View->CodeIgniter\View\{closure}()
 2 SYSTEMPATH\Common.php(1135): CodeIgniter\View\View->render('pelayanan/v_pelayanan', [], true)
 3 APPPATH\Controllers\Pelayanan.php(24): view('pelayanan/v_pelayanan', [...])
 4 SYSTEMPATH\CodeIgniter.php(896): app\Controllers\Pelayanan->index()
 5 SYSTEMPATH\CodeIgniter.php(466): CodeIgniter\CodeIgniter->runController(Object(app\Controllers\Pelayanan))
 6 SYSTEMPATH\CodeIgniter.php(349): CodeIgniter\CodeIgniter->handleRequest(null, Object(Config\Cache), false)
 7 FCPATH\index.php(55): CodeIgniter\CodeIgniter->run()
 8 SYSTEMPATH\Commands\Server\rewrite.php(43): require_once('FCPATH\\index.php')
CRITICAL - 2022-06-27 11:23:52 --> syntax error, unexpected variable "$button"
in APPPATH\Views\pelayanan\v_pelayanan.php on line 15.
 1 SYSTEMPATH\View\View.php(216): CodeIgniter\View\View->CodeIgniter\View\{closure}()
 2 SYSTEMPATH\Common.php(1135): CodeIgniter\View\View->render('pelayanan/v_pelayanan', [], true)
 3 APPPATH\Controllers\Pelayanan.php(24): view('pelayanan/v_pelayanan', [...])
 4 SYSTEMPATH\CodeIgniter.php(896): app\Controllers\Pelayanan->index()
 5 SYSTEMPATH\CodeIgniter.php(466): CodeIgniter\CodeIgniter->runController(Object(app\Controllers\Pelayanan))
 6 SYSTEMPATH\CodeIgniter.php(349): CodeIgniter\CodeIgniter->handleRequest(null, Object(Config\Cache), false)
 7 FCPATH\index.php(55): CodeIgniter\CodeIgniter->run()
 8 SYSTEMPATH\Commands\Server\rewrite.php(43): require_once('FCPATH\\index.php')
CRITICAL - 2022-06-27 11:27:33 --> syntax error, unexpected token "}"
in APPPATH\Views\pelayanan\v_pelayanan.php on line 25.
 1 SYSTEMPATH\View\View.php(216): CodeIgniter\View\View->CodeIgniter\View\{closure}()
 2 SYSTEMPATH\Common.php(1135): CodeIgniter\View\View->render('pelayanan/v_pelayanan', [], true)
 3 APPPATH\Controllers\Pelayanan.php(24): view('pelayanan/v_pelayanan', [...])
 4 SYSTEMPATH\CodeIgniter.php(896): app\Controllers\Pelayanan->index()
 5 SYSTEMPATH\CodeIgniter.php(466): CodeIgniter\CodeIgniter->runController(Object(app\Controllers\Pelayanan))
 6 SYSTEMPATH\CodeIgniter.php(349): CodeIgniter\CodeIgniter->handleRequest(null, Object(Config\Cache), false)
 7 FCPATH\index.php(55): CodeIgniter\CodeIgniter->run()
 8 SYSTEMPATH\Commands\Server\rewrite.php(43): require_once('FCPATH\\index.php')
CRITICAL - 2022-06-27 11:54:13 --> nama_pelayanan is not a valid rule.
in SYSTEMPATH\Validation\Validation.php on line 314.
 1 SYSTEMPATH\Validation\Validation.php(314): CodeIgniter\Validation\Exceptions\ValidationException::forRuleNotFound('nama_pelayanan')
 2 SYSTEMPATH\Validation\Validation.php(173): CodeIgniter\Validation\Validation->processRules('0', '0', null, [...], [...])
 3 APPPATH\Controllers\Pelayanan.php(46): CodeIgniter\Validation\Validation->run()
 4 SYSTEMPATH\CodeIgniter.php(896): app\Controllers\Pelayanan->tambah_pelayanan()
 5 SYSTEMPATH\CodeIgniter.php(466): CodeIgniter\CodeIgniter->runController(Object(app\Controllers\Pelayanan))
 6 SYSTEMPATH\CodeIgniter.php(349): CodeIgniter\CodeIgniter->handleRequest(null, Object(Config\Cache), false)
 7 FCPATH\index.php(55): CodeIgniter\CodeIgniter->run()
 8 SYSTEMPATH\Commands\Server\rewrite.php(43): require_once('FCPATH\\index.php')
CRITICAL - 2022-06-27 11:54:46 --> nama_pelayanan is not a valid rule.
in SYSTEMPATH\Validation\Validation.php on line 314.
 1 SYSTEMPATH\Validation\Validation.php(314): CodeIgniter\Validation\Exceptions\ValidationException::forRuleNotFound('nama_pelayanan')
 2 SYSTEMPATH\Validation\Validation.php(173): CodeIgniter\Validation\Validation->processRules('0', '0', null, [...], [...])
 3 APPPATH\Controllers\Pelayanan.php(46): CodeIgniter\Validation\Validation->run()
 4 SYSTEMPATH\CodeIgniter.php(896): app\Controllers\Pelayanan->tambah_pelayanan()
 5 SYSTEMPATH\CodeIgniter.php(466): CodeIgniter\CodeIgniter->runController(Object(app\Controllers\Pelayanan))
 6 SYSTEMPATH\CodeIgniter.php(349): CodeIgniter\CodeIgniter->handleRequest(null, Object(Config\Cache), false)
 7 FCPATH\index.php(55): CodeIgniter\CodeIgniter->run()
 8 SYSTEMPATH\Commands\Server\rewrite.php(43): require_once('FCPATH\\index.php')
CRITICAL - 2022-06-27 11:54:47 --> nama_pelayanan is not a valid rule.
in SYSTEMPATH\Validation\Validation.php on line 314.
 1 SYSTEMPATH\Validation\Validation.php(314): CodeIgniter\Validation\Exceptions\ValidationException::forRuleNotFound('nama_pelayanan')
 2 SYSTEMPATH\Validation\Validation.php(173): CodeIgniter\Validation\Validation->processRules('0', '0', null, [...], [...])
 3 APPPATH\Controllers\Pelayanan.php(46): CodeIgniter\Validation\Validation->run()
 4 SYSTEMPATH\CodeIgniter.php(896): app\Controllers\Pelayanan->tambah_pelayanan()
 5 SYSTEMPATH\CodeIgniter.php(466): CodeIgniter\CodeIgniter->runController(Object(app\Controllers\Pelayanan))
 6 SYSTEMPATH\CodeIgniter.php(349): CodeIgniter\CodeIgniter->handleRequest(null, Object(Config\Cache), false)
 7 FCPATH\index.php(55): CodeIgniter\CodeIgniter->run()
 8 SYSTEMPATH\Commands\Server\rewrite.php(43): require_once('FCPATH\\index.php')
CRITICAL - 2022-06-27 11:54:47 --> nama_pelayanan is not a valid rule.
in SYSTEMPATH\Validation\Validation.php on line 314.
 1 SYSTEMPATH\Validation\Validation.php(314): CodeIgniter\Validation\Exceptions\ValidationException::forRuleNotFound('nama_pelayanan')
 2 SYSTEMPATH\Validation\Validation.php(173): CodeIgniter\Validation\Validation->processRules('0', '0', null, [...], [...])
 3 APPPATH\Controllers\Pelayanan.php(46): CodeIgniter\Validation\Validation->run()
 4 SYSTEMPATH\CodeIgniter.php(896): app\Controllers\Pelayanan->tambah_pelayanan()
 5 SYSTEMPATH\CodeIgniter.php(466): CodeIgniter\CodeIgniter->runController(Object(app\Controllers\Pelayanan))
 6 SYSTEMPATH\CodeIgniter.php(349): CodeIgniter\CodeIgniter->handleRequest(null, Object(Config\Cache), false)
 7 FCPATH\index.php(55): CodeIgniter\CodeIgniter->run()
 8 SYSTEMPATH\Commands\Server\rewrite.php(43): require_once('FCPATH\\index.php')
CRITICAL - 2022-06-27 11:54:47 --> nama_pelayanan is not a valid rule.
in SYSTEMPATH\Validation\Validation.php on line 314.
 1 SYSTEMPATH\Validation\Validation.php(314): CodeIgniter\Validation\Exceptions\ValidationException::forRuleNotFound('nama_pelayanan')
 2 SYSTEMPATH\Validation\Validation.php(173): CodeIgniter\Validation\Validation->processRules('0', '0', null, [...], [...])
 3 APPPATH\Controllers\Pelayanan.php(46): CodeIgniter\Validation\Validation->run()
 4 SYSTEMPATH\CodeIgniter.php(896): app\Controllers\Pelayanan->tambah_pelayanan()
 5 SYSTEMPATH\CodeIgniter.php(466): CodeIgniter\CodeIgniter->runController(Object(app\Controllers\Pelayanan))
 6 SYSTEMPATH\CodeIgniter.php(349): CodeIgniter\CodeIgniter->handleRequest(null, Object(Config\Cache), false)
 7 FCPATH\index.php(55): CodeIgniter\CodeIgniter->run()
 8 SYSTEMPATH\Commands\Server\rewrite.php(43): require_once('FCPATH\\index.php')
CRITICAL - 2022-06-27 11:54:55 --> nama_pelayanan is not a valid rule.
in SYSTEMPATH\Validation\Validation.php on line 314.
 1 SYSTEMPATH\Validation\Validation.php(314): CodeIgniter\Validation\Exceptions\ValidationException::forRuleNotFound('nama_pelayanan')
 2 SYSTEMPATH\Validation\Validation.php(173): CodeIgniter\Validation\Validation->processRules('0', '0', null, [...], [...])
 3 APPPATH\Controllers\Pelayanan.php(46): CodeIgniter\Validation\Validation->run()
 4 SYSTEMPATH\CodeIgniter.php(896): app\Controllers\Pelayanan->tambah_pelayanan()
 5 SYSTEMPATH\CodeIgniter.php(466): CodeIgniter\CodeIgniter->runController(Object(app\Controllers\Pelayanan))
 6 SYSTEMPATH\CodeIgniter.php(349): CodeIgniter\CodeIgniter->handleRequest(null, Object(Config\Cache), false)
 7 FCPATH\index.php(55): CodeIgniter\CodeIgniter->run()
 8 SYSTEMPATH\Commands\Server\rewrite.php(43): require_once('FCPATH\\index.php')
CRITICAL - 2022-06-27 11:54:56 --> nama_pelayanan is not a valid rule.
in SYSTEMPATH\Validation\Validation.php on line 314.
 1 SYSTEMPATH\Validation\Validation.php(314): CodeIgniter\Validation\Exceptions\ValidationException::forRuleNotFound('nama_pelayanan')
 2 SYSTEMPATH\Validation\Validation.php(173): CodeIgniter\Validation\Validation->processRules('0', '0', null, [...], [...])
 3 APPPATH\Controllers\Pelayanan.php(46): CodeIgniter\Validation\Validation->run()
 4 SYSTEMPATH\CodeIgniter.php(896): app\Controllers\Pelayanan->tambah_pelayanan()
 5 SYSTEMPATH\CodeIgniter.php(466): CodeIgniter\CodeIgniter->runController(Object(app\Controllers\Pelayanan))
 6 SYSTEMPATH\CodeIgniter.php(349): CodeIgniter\CodeIgniter->handleRequest(null, Object(Config\Cache), false)
 7 FCPATH\index.php(55): CodeIgniter\CodeIgniter->run()
 8 SYSTEMPATH\Commands\Server\rewrite.php(43): require_once('FCPATH\\index.php')
CRITICAL - 2022-06-27 11:54:56 --> nama_pelayanan is not a valid rule.
in SYSTEMPATH\Validation\Validation.php on line 314.
 1 SYSTEMPATH\Validation\Validation.php(314): CodeIgniter\Validation\Exceptions\ValidationException::forRuleNotFound('nama_pelayanan')
 2 SYSTEMPATH\Validation\Validation.php(173): CodeIgniter\Validation\Validation->processRules('0', '0', null, [...], [...])
 3 APPPATH\Controllers\Pelayanan.php(46): CodeIgniter\Validation\Validation->run()
 4 SYSTEMPATH\CodeIgniter.php(896): app\Controllers\Pelayanan->tambah_pelayanan()
 5 SYSTEMPATH\CodeIgniter.php(466): CodeIgniter\CodeIgniter->runController(Object(app\Controllers\Pelayanan))
 6 SYSTEMPATH\CodeIgniter.php(349): CodeIgniter\CodeIgniter->handleRequest(null, Object(Config\Cache), false)
 7 FCPATH\index.php(55): CodeIgniter\CodeIgniter->run()
 8 SYSTEMPATH\Commands\Server\rewrite.php(43): require_once('FCPATH\\index.php')
CRITICAL - 2022-06-27 11:56:12 --> nama_pelayanan is not a valid rule.
in SYSTEMPATH\Validation\Validation.php on line 314.
 1 SYSTEMPATH\Validation\Validation.php(314): CodeIgniter\Validation\Exceptions\ValidationException::forRuleNotFound('nama_pelayanan')
 2 SYSTEMPATH\Validation\Validation.php(173): CodeIgniter\Validation\Validation->processRules('0', '0', null, [...], [...])
 3 APPPATH\Controllers\Pelayanan.php(46): CodeIgniter\Validation\Validation->run()
 4 SYSTEMPATH\CodeIgniter.php(896): app\Controllers\Pelayanan->tambah_pelayanan()
 5 SYSTEMPATH\CodeIgniter.php(466): CodeIgniter\CodeIgniter->runController(Object(app\Controllers\Pelayanan))
 6 SYSTEMPATH\CodeIgniter.php(349): CodeIgniter\CodeIgniter->handleRequest(null, Object(Config\Cache), false)
 7 FCPATH\index.php(55): CodeIgniter\CodeIgniter->run()
 8 SYSTEMPATH\Commands\Server\rewrite.php(43): require_once('FCPATH\\index.php')
CRITICAL - 2022-06-27 12:03:57 --> Invalid file: pelayanan/v_tambah_pelayanan.php
in SYSTEMPATH\Exceptions\FrameworkException.php on line 33.
 1 SYSTEMPATH\View\View.php(201): CodeIgniter\Exceptions\FrameworkException::forInvalidFile('pelayanan/v_tambah_pelayanan.php')
 2 SYSTEMPATH\Common.php(1135): CodeIgniter\View\View->render('pelayanan/v_tambah_pelayanan', [], true)
 3 APPPATH\Controllers\Pelayanan.php(37): view('pelayanan/v_tambah_pelayanan', [...])
 4 SYSTEMPATH\CodeIgniter.php(896): app\Controllers\Pelayanan->tambah_pelayanan()
 5 SYSTEMPATH\CodeIgniter.php(466): CodeIgniter\CodeIgniter->runController(Object(app\Controllers\Pelayanan))
 6 SYSTEMPATH\CodeIgniter.php(349): CodeIgniter\CodeIgniter->handleRequest(null, Object(Config\Cache), false)
 7 FCPATH\index.php(55): CodeIgniter\CodeIgniter->run()
 8 SYSTEMPATH\Commands\Server\rewrite.php(43): require_once('FCPATH\\index.php')
CRITICAL - 2022-06-27 12:53:04 --> Undefined variable $validation
in APPPATH\Views\pelayanan\v_tambah_pelayanan.php on line 17.
 1 APPPATH\Views\pelayanan\v_tambah_pelayanan.php(17): CodeIgniter\Debug\Exceptions->errorHandler(2, 'Undefined variable $validation', 'APPPATH\\Views\\pelayanan\\v_tambah_pelayanan.php', 17)
 2 SYSTEMPATH\View\View.php(213): include('APPPATH\\Views\\pelayanan\\v_tambah_pelayanan.php')
 3 SYSTEMPATH\View\View.php(216): CodeIgniter\View\View->CodeIgniter\View\{closure}()
 4 SYSTEMPATH\Common.php(1135): CodeIgniter\View\View->render('pelayanan/v_tambah_pelayanan', [], true)
 5 APPPATH\Controllers\Pelayanan.php(65): view('pelayanan/v_tambah_pelayanan', [...])
 6 SYSTEMPATH\CodeIgniter.php(896): app\Controllers\Pelayanan->tambah_pelayanan()
 7 SYSTEMPATH\CodeIgniter.php(466): CodeIgniter\CodeIgniter->runController(Object(app\Controllers\Pelayanan))
 8 SYSTEMPATH\CodeIgniter.php(349): CodeIgniter\CodeIgniter->handleRequest(null, Object(Config\Cache), false)
 9 FCPATH\index.php(55): CodeIgniter\CodeIgniter->run()
10 SYSTEMPATH\Commands\Server\rewrite.php(43): require_once('FCPATH\\index.php')
CRITICAL - 2022-06-27 14:02:17 --> Undefined property: CodeIgniter\View\View::$validation
in APPPATH\Views\pelayanan\v_tambah_pelayanan.php on line 17.
 1 APPPATH\Views\pelayanan\v_tambah_pelayanan.php(17): CodeIgniter\Debug\Exceptions->errorHandler(2, 'Undefined property: CodeIgniter\\View\\View::$validation', 'APPPATH\\Views\\pelayanan\\v_tambah_pelayanan.php', 17)
 2 SYSTEMPATH\View\View.php(213): include('APPPATH\\Views\\pelayanan\\v_tambah_pelayanan.php')
 3 SYSTEMPATH\View\View.php(216): CodeIgniter\View\View->CodeIgniter\View\{closure}()
 4 SYSTEMPATH\Common.php(1135): CodeIgniter\View\View->render('pelayanan/v_tambah_pelayanan', [], true)
 5 APPPATH\Controllers\Pelayanan.php(65): view('pelayanan/v_tambah_pelayanan', [...])
 6 SYSTEMPATH\CodeIgniter.php(896): app\Controllers\Pelayanan->tambah_pelayanan()
 7 SYSTEMPATH\CodeIgniter.php(466): CodeIgniter\CodeIgniter->runController(Object(app\Controllers\Pelayanan))
 8 SYSTEMPATH\CodeIgniter.php(349): CodeIgniter\CodeIgniter->handleRequest(null, Object(Config\Cache), false)
 9 FCPATH\index.php(55): CodeIgniter\CodeIgniter->run()
10 SYSTEMPATH\Commands\Server\rewrite.php(43): require_once('FCPATH\\index.php')
CRITICAL - 2022-06-27 14:04:50 --> Undefined property: CodeIgniter\View\View::$validation
in APPPATH\Views\pelayanan\v_tambah_pelayanan.php on line 17.
 1 APPPATH\Views\pelayanan\v_tambah_pelayanan.php(17): CodeIgniter\Debug\Exceptions->errorHandler(2, 'Undefined property: CodeIgniter\\View\\View::$validation', 'APPPATH\\Views\\pelayanan\\v_tambah_pelayanan.php', 17)
 2 SYSTEMPATH\View\View.php(213): include('APPPATH\\Views\\pelayanan\\v_tambah_pelayanan.php')
 3 SYSTEMPATH\View\View.php(216): CodeIgniter\View\View->CodeIgniter\View\{closure}()
 4 SYSTEMPATH\Common.php(1135): CodeIgniter\View\View->render('pelayanan/v_tambah_pelayanan', [], true)
 5 APPPATH\Controllers\Pelayanan.php(68): view('pelayanan/v_tambah_pelayanan', [...])
 6 SYSTEMPATH\CodeIgniter.php(896): app\Controllers\Pelayanan->tambah_pelayanan()
 7 SYSTEMPATH\CodeIgniter.php(466): CodeIgniter\CodeIgniter->runController(Object(app\Controllers\Pelayanan))
 8 SYSTEMPATH\CodeIgniter.php(349): CodeIgniter\CodeIgniter->handleRequest(null, Object(Config\Cache), false)
 9 FCPATH\index.php(55): CodeIgniter\CodeIgniter->run()
10 SYSTEMPATH\Commands\Server\rewrite.php(43): require_once('FCPATH\\index.php')
CRITICAL - 2022-06-27 14:04:57 --> syntax error, unexpected token ";"
in APPPATH\Views\pelayanan\v_tambah_pelayanan.php on line 17.
 1 SYSTEMPATH\View\View.php(216): CodeIgniter\View\View->CodeIgniter\View\{closure}()
 2 SYSTEMPATH\Common.php(1135): CodeIgniter\View\View->render('pelayanan/v_tambah_pelayanan', [], true)
 3 APPPATH\Controllers\Pelayanan.php(68): view('pelayanan/v_tambah_pelayanan', [...])
 4 SYSTEMPATH\CodeIgniter.php(896): app\Controllers\Pelayanan->tambah_pelayanan()
 5 SYSTEMPATH\CodeIgniter.php(466): CodeIgniter\CodeIgniter->runController(Object(app\Controllers\Pelayanan))
 6 SYSTEMPATH\CodeIgniter.php(349): CodeIgniter\CodeIgniter->handleRequest(null, Object(Config\Cache), false)
 7 FCPATH\index.php(55): CodeIgniter\CodeIgniter->run()
 8 SYSTEMPATH\Commands\Server\rewrite.php(43): require_once('FCPATH\\index.php')
CRITICAL - 2022-06-27 14:21:43 --> nama_pelayanan is not a valid rule.
in SYSTEMPATH\Validation\Validation.php on line 314.
 1 SYSTEMPATH\Validation\Validation.php(314): CodeIgniter\Validation\Exceptions\ValidationException::forRuleNotFound('nama_pelayanan')
 2 SYSTEMPATH\Validation\Validation.php(173): CodeIgniter\Validation\Validation->processRules('nama_pelayanan', 'nama_pelayanan', 'sosial budaya', [...], [...])
 3 SYSTEMPATH\Controller.php(140): CodeIgniter\Validation\Validation->run()
 4 APPPATH\Controllers\Pelayanan.php(44): CodeIgniter\Controller->validate([...])
 5 SYSTEMPATH\CodeIgniter.php(896): app\Controllers\Pelayanan->store()
 6 SYSTEMPATH\CodeIgniter.php(466): CodeIgniter\CodeIgniter->runController(Object(app\Controllers\Pelayanan))
 7 SYSTEMPATH\CodeIgniter.php(349): CodeIgniter\CodeIgniter->handleRequest(null, Object(Config\Cache), false)
 8 FCPATH\index.php(55): CodeIgniter\CodeIgniter->run()
 9 SYSTEMPATH\Commands\Server\rewrite.php(43): require_once('FCPATH\\index.php')
CRITICAL - 2022-06-27 16:08:52 --> Call to undefined method CodeIgniter\Database\MySQLi\Builder::getResult()
in APPPATH\Controllers\Auth.php on line 19.
 1 SYSTEMPATH\CodeIgniter.php(858): App\Controllers\Auth->__construct()
 2 SYSTEMPATH\CodeIgniter.php(457): CodeIgniter\CodeIgniter->createController()
 3 SYSTEMPATH\CodeIgniter.php(349): CodeIgniter\CodeIgniter->handleRequest(null, Object(Config\Cache), false)
 4 FCPATH\index.php(55): CodeIgniter\CodeIgniter->run()
 5 SYSTEMPATH\Commands\Server\rewrite.php(43): require_once('FCPATH\\index.php')
CRITICAL - 2022-06-27 16:42:26 --> Invalid file: auth/v_register.php
in SYSTEMPATH\Exceptions\FrameworkException.php on line 33.
 1 SYSTEMPATH\View\View.php(201): CodeIgniter\Exceptions\FrameworkException::forInvalidFile('auth/v_register.php')
 2 SYSTEMPATH\Common.php(1135): CodeIgniter\View\View->render('auth/v_register', [], true)
 3 APPPATH\Controllers\Auth.php(77): view('auth/v_register', [...])
 4 SYSTEMPATH\CodeIgniter.php(896): App\Controllers\Auth->register()
 5 SYSTEMPATH\CodeIgniter.php(466): CodeIgniter\CodeIgniter->runController(Object(App\Controllers\Auth))
 6 SYSTEMPATH\CodeIgniter.php(349): CodeIgniter\CodeIgniter->handleRequest(null, Object(Config\Cache), false)
 7 FCPATH\index.php(55): CodeIgniter\CodeIgniter->run()
 8 SYSTEMPATH\Commands\Server\rewrite.php(43): require_once('FCPATH\\index.php')
CRITICAL - 2022-06-27 16:59:18 --> Cannot use object of type stdClass as array
in APPPATH\Controllers\Auth.php on line 59.
 1 SYSTEMPATH\CodeIgniter.php(896): App\Controllers\Auth->process_login()
 2 SYSTEMPATH\CodeIgniter.php(466): CodeIgniter\CodeIgniter->runController(Object(App\Controllers\Auth))
 3 SYSTEMPATH\CodeIgniter.php(349): CodeIgniter\CodeIgniter->handleRequest(null, Object(Config\Cache), false)
 4 FCPATH\index.php(55): CodeIgniter\CodeIgniter->run()
 5 SYSTEMPATH\Commands\Server\rewrite.php(43): require_once('FCPATH\\index.php')
CRITICAL - 2022-06-27 17:00:18 -->  route cannot be found while reverse-routing.
in SYSTEMPATH\HTTP\RedirectResponse.php on line 56.
 1 SYSTEMPATH\HTTP\RedirectResponse.php(56): CodeIgniter\HTTP\Exceptions\HTTPException::forInvalidRedirectRoute('ROOTPATH\\public')
 2 SYSTEMPATH\Common.php(863): CodeIgniter\HTTP\RedirectResponse->route(false)
 3 APPPATH\Controllers\Auth.php(68): redirect('home')
 4 SYSTEMPATH\CodeIgniter.php(896): App\Controllers\Auth->process_login()
 5 SYSTEMPATH\CodeIgniter.php(466): CodeIgniter\CodeIgniter->runController(Object(App\Controllers\Auth))
 6 SYSTEMPATH\CodeIgniter.php(349): CodeIgniter\CodeIgniter->handleRequest(null, Object(Config\Cache), false)
 7 FCPATH\index.php(55): CodeIgniter\CodeIgniter->run()
 8 SYSTEMPATH\Commands\Server\rewrite.php(43): require_once('FCPATH\\index.php')
CRITICAL - 2022-06-27 17:05:15 --> Undefined property: App\Controllers\Auth::$session
in APPPATH\Controllers\Auth.php on line 69.
 1 APPPATH\Controllers\Auth.php(69): CodeIgniter\Debug\Exceptions->errorHandler(2, 'Undefined property: App\\Controllers\\Auth::$session', 'APPPATH\\Controllers\\Auth.php', 69)
 2 SYSTEMPATH\CodeIgniter.php(896): App\Controllers\Auth->process_login()
 3 SYSTEMPATH\CodeIgniter.php(466): CodeIgniter\CodeIgniter->runController(Object(App\Controllers\Auth))
 4 SYSTEMPATH\CodeIgniter.php(349): CodeIgniter\CodeIgniter->handleRequest(null, Object(Config\Cache), false)
 5 FCPATH\index.php(55): CodeIgniter\CodeIgniter->run()
 6 SYSTEMPATH\Commands\Server\rewrite.php(43): require_once('FCPATH\\index.php')
CRITICAL - 2022-06-27 17:08:13 --> Undefined property: CodeIgniter\View\View::$session
in APPPATH\Views\master.php on line 47.
 1 APPPATH\Views\master.php(47): CodeIgniter\Debug\Exceptions->errorHandler(2, 'Undefined property: CodeIgniter\\View\\View::$session', 'APPPATH\\Views\\master.php', 47)
 2 SYSTEMPATH\View\View.php(213): include('APPPATH\\Views\\master.php')
 3 SYSTEMPATH\View\View.php(216): CodeIgniter\View\View->CodeIgniter\View\{closure}()
 4 SYSTEMPATH\View\View.php(229): CodeIgniter\View\View->render('master', [], true)
 5 SYSTEMPATH\Common.php(1135): CodeIgniter\View\View->render('home', [], true)
 6 APPPATH\Controllers\Home.php(13): view('home', [...])
 7 SYSTEMPATH\CodeIgniter.php(896): App\Controllers\Home->index()
 8 SYSTEMPATH\CodeIgniter.php(466): CodeIgniter\CodeIgniter->runController(Object(App\Controllers\Home))
 9 SYSTEMPATH\CodeIgniter.php(349): CodeIgniter\CodeIgniter->handleRequest(null, Object(Config\Cache), false)
10 FCPATH\index.php(55): CodeIgniter\CodeIgniter->run()
11 SYSTEMPATH\Commands\Server\rewrite.php(43): require_once('FCPATH\\index.php')
CRITICAL - 2022-06-27 17:14:33 --> Call to undefined method CodeIgniter\Session\Session::unset()
in APPPATH\Controllers\Auth.php on line 151.
 1 SYSTEMPATH\CodeIgniter.php(896): App\Controllers\Auth->logout()
 2 SYSTEMPATH\CodeIgniter.php(466): CodeIgniter\CodeIgniter->runController(Object(App\Controllers\Auth))
 3 SYSTEMPATH\CodeIgniter.php(349): CodeIgniter\CodeIgniter->handleRequest(null, Object(Config\Cache), false)
 4 FCPATH\index.php(55): CodeIgniter\CodeIgniter->run()
 5 SYSTEMPATH\Commands\Server\rewrite.php(43): require_once('FCPATH\\index.php')
CRITICAL - 2022-06-27 17:29:23 --> Attempt to read property "kode_pelayanan" on array
in APPPATH\Views\pelayanan\v_pelayanan.php on line 70.
 1 APPPATH\Views\pelayanan\v_pelayanan.php(70): CodeIgniter\Debug\Exceptions->errorHandler(2, 'Attempt to read property "kode_pelayanan" on array', 'APPPATH\\Views\\pelayanan\\v_pelayanan.php', 70)
 2 SYSTEMPATH\View\View.php(213): include('APPPATH\\Views\\pelayanan\\v_pelayanan.php')
 3 SYSTEMPATH\View\View.php(216): CodeIgniter\View\View->CodeIgniter\View\{closure}()
 4 SYSTEMPATH\Common.php(1135): CodeIgniter\View\View->render('pelayanan/v_pelayanan', [], true)
 5 APPPATH\Controllers\Pelayanan.php(28): view('pelayanan/v_pelayanan', [...])
 6 SYSTEMPATH\CodeIgniter.php(896): app\Controllers\Pelayanan->index()
 7 SYSTEMPATH\CodeIgniter.php(466): CodeIgniter\CodeIgniter->runController(Object(app\Controllers\Pelayanan))
 8 SYSTEMPATH\CodeIgniter.php(349): CodeIgniter\CodeIgniter->handleRequest(null, Object(Config\Cache), false)
 9 FCPATH\index.php(55): CodeIgniter\CodeIgniter->run()
10 SYSTEMPATH\Commands\Server\rewrite.php(43): require_once('FCPATH\\index.php')
